
7월 15, 2022 16:04:26.502 NEW SESSION
7월 15, 2022 16:04:26.502 [12192:11488:0715/160426.501:ERROR:device_event_log_impl.cc(214)] [16:04:26.501] Bluetooth: bluetooth_adapter_winrt.cc:1074 Getting Default Adapter failed.
7월 15, 2022 16:19:18.330 [5008:2092:0715/161918.330:ERROR:device_event_log_impl.cc(214)] [16:19:18.331] Bluetooth: bluetooth_adapter_winrt.cc:1074 Getting Default Adapter failed.
7월 15, 2022 16:21:48.123 [7864:11632:0715/162148.123:ERROR:device_event_log_impl.cc(214)] [16:21:48.123] Bluetooth: bluetooth_adapter_winrt.cc:1074 Getting Default Adapter failed.
7월 15, 2022 16:57:56.984 [11728:5444:0715/165756.983:ERROR:device_event_log_impl.cc(214)] [16:57:56.984] Bluetooth: bluetooth_adapter_winrt.cc:1074 Getting Default Adapter failed.
7월 15, 2022 17:00:15.611 [9724:12036:0715/170015.611:ERROR:device_event_log_impl.cc(214)] [17:00:15.611] Bluetooth: bluetooth_adapter_winrt.cc:1074 Getting Default Adapter failed.
7월 15, 2022 17:01:36.318 [9616:7584:0715/170136.318:ERROR:device_event_log_impl.cc(214)] [17:01:36.318] Bluetooth: bluetooth_adapter_winrt.cc:1074 Getting Default Adapter failed.
7월 15, 2022 17:06:30.125 [7212:4368:0715/170630.125:ERROR:device_event_log_impl.cc(214)] [17:06:30.125] Bluetooth: bluetooth_adapter_winrt.cc:1074 Getting Default Adapter failed.
7월 15, 2022 17:28:09.446 [972:11768:0715/172809.446:ERROR:device_event_log_impl.cc(214)] [17:28:09.446] Bluetooth: bluetooth_adapter_winrt.cc:1074 Getting Default Adapter failed.
7월 15, 2022 17:28:25.56 [4772:5788:0715/172825.055:ERROR:device_event_log_impl.cc(214)] [17:28:25.055] Bluetooth: bluetooth_adapter_winrt.cc:1074 Getting Default Adapter failed.
7월 15, 2022 17:31:23.227 [8288:648:0715/173123.227:ERROR:device_event_log_impl.cc(214)] [17:31:23.226] Bluetooth: bluetooth_adapter_winrt.cc:1074 Getting Default Adapter failed.
7월 15, 2022 17:34:47.282 [692:10716:0715/173447.282:ERROR:device_event_log_impl.cc(214)] [17:34:47.282] Bluetooth: bluetooth_adapter_winrt.cc:1074 Getting Default Adapter failed.

7월 18, 2022 11:02:59.452 NEW SESSION
7월 18, 2022 11:02:59.452 [3124:9364:0718/110259.451:ERROR:device_event_log_impl.cc(214)] [11:02:59.451] Bluetooth: bluetooth_adapter_winrt.cc:1074 Getting Default Adapter failed.
7월 18, 2022 11:08:59.727 [2816:4592:0718/110859.727:ERROR:device_event_log_impl.cc(214)] [11:08:59.727] Bluetooth: bluetooth_adapter_winrt.cc:1074 Getting Default Adapter failed.
7월 18, 2022 11:09:33.872 [2936:5472:0718/110933.872:ERROR:device_event_log_impl.cc(214)] [11:09:33.872] Bluetooth: bluetooth_adapter_winrt.cc:1074 Getting Default Adapter failed.
7월 18, 2022 11:13:19.862 [10296:10816:0718/111319.862:ERROR:device_event_log_impl.cc(214)] [11:13:19.861] Bluetooth: bluetooth_adapter_winrt.cc:1074 Getting Default Adapter failed.
7월 18, 2022 11:13:32.93 [304:10976:0718/111332.093:ERROR:device_event_log_impl.cc(214)] [11:13:32.093] Bluetooth: bluetooth_adapter_winrt.cc:1074 Getting Default Adapter failed.
7월 18, 2022 12:08:50.675 [4424:9408:0718/120850.674:ERROR:device_event_log_impl.cc(214)] [12:08:50.675] Bluetooth: bluetooth_adapter_winrt.cc:1074 Getting Default Adapter failed.
7월 18, 2022 12:09:28.318 [7092:3720:0718/120928.318:ERROR:device_event_log_impl.cc(214)] [12:09:28.317] Bluetooth: bluetooth_adapter_winrt.cc:1074 Getting Default Adapter failed.
7월 18, 2022 12:09:41.309 [8548:3336:0718/120941.309:ERROR:device_event_log_impl.cc(214)] [12:09:41.309] Bluetooth: bluetooth_adapter_winrt.cc:1074 Getting Default Adapter failed.
7월 18, 2022 12:10:04.161 [3796:4404:0718/121004.160:ERROR:device_event_log_impl.cc(214)] [12:10:04.161] Bluetooth: bluetooth_adapter_winrt.cc:1074 Getting Default Adapter failed.
7월 18, 2022 12:13:08.830 [1816:6500:0718/121308.830:ERROR:device_event_log_impl.cc(214)] [12:13:08.830] Bluetooth: bluetooth_adapter_winrt.cc:1074 Getting Default Adapter failed.
7월 18, 2022 15:45:33.182 [10504:7668:0718/154533.182:ERROR:device_event_log_impl.cc(214)] [15:45:33.182] Bluetooth: bluetooth_adapter_winrt.cc:1074 Getting Default Adapter failed.
7월 18, 2022 16:17:10.789 [10744:3420:0718/161710.789:ERROR:device_event_log_impl.cc(214)] [16:17:10.788] Bluetooth: bluetooth_adapter_winrt.cc:1074 Getting Default Adapter failed.
7월 18, 2022 16:24:05.262 [10972:10252:0718/162405.261:ERROR:device_event_log_impl.cc(214)] [16:24:05.262] Bluetooth: bluetooth_adapter_winrt.cc:1074 Getting Default Adapter failed.
7월 18, 2022 16:25:10.496 [5244:8360:0718/162510.496:ERROR:device_event_log_impl.cc(214)] [16:25:10.497] Bluetooth: bluetooth_adapter_winrt.cc:1074 Getting Default Adapter failed.
7월 18, 2022 16:29:12.515 [5244:8360:0718/162912.515:ERROR:interface_endpoint_client.cc(665)] Message 1 rejected by interface blink.mojom.WidgetHost
7월 18, 2022 16:49:56.293 [3808:10016:0718/164956.292:ERROR:device_event_log_impl.cc(214)] [16:49:56.292] Bluetooth: bluetooth_adapter_winrt.cc:1074 Getting Default Adapter failed.

7월 19, 2022 10:33:19.666 NEW SESSION
7월 19, 2022 10:33:19.666 [2016:8720:0719/103319.665:ERROR:device_event_log_impl.cc(214)] [10:33:19.665] Bluetooth: bluetooth_adapter_winrt.cc:1074 Getting Default Adapter failed.
7월 19, 2022 10:35:12.173 [8628:7136:0719/103512.172:ERROR:device_event_log_impl.cc(214)] [10:35:12.173] Bluetooth: bluetooth_adapter_winrt.cc:1074 Getting Default Adapter failed.
7월 19, 2022 10:37:52.650 [5776:8180:0719/103752.650:ERROR:device_event_log_impl.cc(214)] [10:37:52.649] Bluetooth: bluetooth_adapter_winrt.cc:1074 Getting Default Adapter failed.
7월 19, 2022 10:42:33.796 [10100:9200:0719/104233.796:ERROR:device_event_log_impl.cc(214)] [10:42:33.796] Bluetooth: bluetooth_adapter_winrt.cc:1074 Getting Default Adapter failed.
7월 19, 2022 10:50:39.682 [5960:2368:0719/105039.682:ERROR:device_event_log_impl.cc(214)] [10:50:39.682] Bluetooth: bluetooth_adapter_winrt.cc:1074 Getting Default Adapter failed.
7월 19, 2022 10:51:54.433 [620:8532:0719/105154.433:ERROR:device_event_log_impl.cc(214)] [10:51:54.433] Bluetooth: bluetooth_adapter_winrt.cc:1074 Getting Default Adapter failed.
7월 19, 2022 11:03:40.337 [4304:3232:0719/110340.336:ERROR:device_event_log_impl.cc(214)] [11:03:40.337] Bluetooth: bluetooth_adapter_winrt.cc:1074 Getting Default Adapter failed.
7월 19, 2022 11:08:40.701 [4288:4420:0719/110840.701:ERROR:device_event_log_impl.cc(214)] [11:08:40.701] Bluetooth: bluetooth_adapter_winrt.cc:1074 Getting Default Adapter failed.
7월 19, 2022 11:42:45.623 [6572:6428:0719/114245.623:ERROR:device_event_log_impl.cc(214)] [11:42:45.623] Bluetooth: bluetooth_adapter_winrt.cc:1074 Getting Default Adapter failed.
7월 19, 2022 11:45:21.64 [8436:3348:0719/114521.064:ERROR:device_event_log_impl.cc(214)] [11:45:21.064] Bluetooth: bluetooth_adapter_winrt.cc:1074 Getting Default Adapter failed.
7월 19, 2022 11:52:52.522 [2100:2120:0719/115252.522:ERROR:device_event_log_impl.cc(214)] [11:52:52.522] Bluetooth: bluetooth_adapter_winrt.cc:1074 Getting Default Adapter failed.
7월 19, 2022 11:53:42.753 [2136:9916:0719/115342.753:ERROR:device_event_log_impl.cc(214)] [11:53:42.752] Bluetooth: bluetooth_adapter_winrt.cc:1074 Getting Default Adapter failed.
7월 19, 2022 11:53:55.692 [9196:10052:0719/115355.691:ERROR:device_event_log_impl.cc(214)] [11:53:55.691] Bluetooth: bluetooth_adapter_winrt.cc:1074 Getting Default Adapter failed.
7월 19, 2022 11:54:48.200 [1292:3224:0719/115448.199:ERROR:device_event_log_impl.cc(214)] [11:54:48.199] Bluetooth: bluetooth_adapter_winrt.cc:1074 Getting Default Adapter failed.
7월 19, 2022 11:54:59.561 [7840:9740:0719/115459.561:ERROR:device_event_log_impl.cc(214)] [11:54:59.562] Bluetooth: bluetooth_adapter_winrt.cc:1074 Getting Default Adapter failed.
7월 19, 2022 11:55:53.689 [7644:8964:0719/115553.688:ERROR:device_event_log_impl.cc(214)] [11:55:53.689] Bluetooth: bluetooth_adapter_winrt.cc:1074 Getting Default Adapter failed.
7월 19, 2022 11:56:13.591 [9948:7140:0719/115613.591:ERROR:device_event_log_impl.cc(214)] [11:56:13.590] Bluetooth: bluetooth_adapter_winrt.cc:1074 Getting Default Adapter failed.
7월 19, 2022 11:59:17.48 [4632:1748:0719/115917.048:ERROR:device_event_log_impl.cc(214)] [11:59:17.048] Bluetooth: bluetooth_adapter_winrt.cc:1074 Getting Default Adapter failed.
7월 19, 2022 12:15:46.856 [3004:8456:0719/121546.856:ERROR:device_event_log_impl.cc(214)] [12:15:46.855] Bluetooth: bluetooth_adapter_winrt.cc:1074 Getting Default Adapter failed.
7월 19, 2022 12:15:55.358 [9568:6768:0719/121555.358:ERROR:device_event_log_impl.cc(214)] [12:15:55.358] Bluetooth: bluetooth_adapter_winrt.cc:1074 Getting Default Adapter failed.
7월 19, 2022 12:18:31.93 [3460:8640:0719/121831.093:ERROR:device_event_log_impl.cc(214)] [12:18:31.093] Bluetooth: bluetooth_adapter_winrt.cc:1074 Getting Default Adapter failed.
7월 19, 2022 12:44:21.324 [2012:4196:0719/124421.324:ERROR:device_event_log_impl.cc(214)] [12:44:21.324] Bluetooth: bluetooth_adapter_winrt.cc:1074 Getting Default Adapter failed.
7월 19, 2022 12:46:30.443 [4276:7980:0719/124630.443:ERROR:device_event_log_impl.cc(214)] [12:46:30.443] Bluetooth: bluetooth_adapter_winrt.cc:1074 Getting Default Adapter failed.
7월 19, 2022 12:48:44.86 [8284:5008:0719/124844.085:ERROR:device_event_log_impl.cc(214)] [12:48:44.085] Bluetooth: bluetooth_adapter_winrt.cc:1074 Getting Default Adapter failed.
7월 19, 2022 12:52:10.236 [1136:7916:0719/125210.236:ERROR:device_event_log_impl.cc(214)] [12:52:10.237] Bluetooth: bluetooth_adapter_winrt.cc:1074 Getting Default Adapter failed.
7월 19, 2022 14:11:54.563 [8184:3884:0719/141154.563:ERROR:device_event_log_impl.cc(214)] [14:11:54.563] Bluetooth: bluetooth_adapter_winrt.cc:1074 Getting Default Adapter failed.
7월 19, 2022 14:26:27.615 [4668:4620:0719/142627.615:ERROR:gpu_process_host.cc(975)] GPU process exited unexpectedly: exit_code=1
7월 19, 2022 14:26:40.572 [4668:4620:0719/142640.572:ERROR:gpu_process_host.cc(975)] GPU process exited unexpectedly: exit_code=1
7월 19, 2022 14:26:47.63 [4668:4620:0719/142647.063:ERROR:gpu_process_host.cc(975)] GPU process exited unexpectedly: exit_code=1
7월 19, 2022 14:26:53.98 [4668:4620:0719/142653.098:ERROR:gpu_process_host.cc(975)] GPU process exited unexpectedly: exit_code=1
7월 19, 2022 14:27:10.278 [10108:1384:0719/142710.278:ERROR:device_event_log_impl.cc(214)] [14:27:10.277] Bluetooth: bluetooth_adapter_winrt.cc:1074 Getting Default Adapter failed.
7월 19, 2022 14:37:43.774 [6236:8324:0719/143743.774:ERROR:device_event_log_impl.cc(214)] [14:37:43.775] Bluetooth: bluetooth_adapter_winrt.cc:1074 Getting Default Adapter failed.
7월 19, 2022 15:24:48.493 [4592:9688:0719/152448.492:ERROR:device_event_log_impl.cc(214)] [15:24:48.492] Bluetooth: bluetooth_adapter_winrt.cc:1074 Getting Default Adapter failed.
7월 19, 2022 15:28:29.28 [5484:3000:0719/152829.027:ERROR:device_event_log_impl.cc(214)] [15:28:29.028] Bluetooth: bluetooth_adapter_winrt.cc:1074 Getting Default Adapter failed.
7월 19, 2022 16:11:02.540 [5484:3000:0719/161102.540:ERROR:interface_endpoint_client.cc(665)] Message 1 rejected by interface blink.mojom.WidgetHost
7월 19, 2022 16:22:36.639 [6320:9188:0719/162236.639:ERROR:device_event_log_impl.cc(214)] [16:22:36.639] Bluetooth: bluetooth_adapter_winrt.cc:1074 Getting Default Adapter failed.
7월 19, 2022 16:23:27.990 [4912:6428:0719/162327.990:ERROR:device_event_log_impl.cc(214)] [16:23:27.990] Bluetooth: bluetooth_adapter_winrt.cc:1074 Getting Default Adapter failed.
7월 19, 2022 16:57:02.540 [3480:4864:0719/165702.540:ERROR:device_event_log_impl.cc(214)] [16:57:02.540] Bluetooth: bluetooth_adapter_winrt.cc:1074 Getting Default Adapter failed.
7월 19, 2022 17:16:47.180 [10392:7212:0719/171647.179:ERROR:device_event_log_impl.cc(214)] [17:16:47.180] Bluetooth: bluetooth_adapter_winrt.cc:1074 Getting Default Adapter failed.
7월 19, 2022 17:17:12.711 [11100:11260:0719/171712.711:ERROR:device_event_log_impl.cc(214)] [17:17:12.710] Bluetooth: bluetooth_adapter_winrt.cc:1074 Getting Default Adapter failed.

7월 20, 2022 10:14:43.732 NEW SESSION
7월 20, 2022 10:14:43.732 [10696:5128:0720/101443.731:ERROR:device_event_log_impl.cc(214)] [10:14:43.731] Bluetooth: bluetooth_adapter_winrt.cc:1074 Getting Default Adapter failed.
7월 20, 2022 10:15:24.40 [3140:10700:0720/101524.040:ERROR:device_event_log_impl.cc(214)] [10:15:24.040] Bluetooth: bluetooth_adapter_winrt.cc:1074 Getting Default Adapter failed.
7월 20, 2022 10:16:03.124 [5300:1884:0720/101603.124:ERROR:device_event_log_impl.cc(214)] [10:16:03.124] Bluetooth: bluetooth_adapter_winrt.cc:1074 Getting Default Adapter failed.
7월 20, 2022 10:21:14.696 [2584:3400:0720/102114.696:ERROR:device_event_log_impl.cc(214)] [10:21:14.696] Bluetooth: bluetooth_adapter_winrt.cc:1074 Getting Default Adapter failed.
7월 20, 2022 10:26:14.677 [3028:8632:0720/102614.676:ERROR:device_event_log_impl.cc(214)] [10:26:14.676] Bluetooth: bluetooth_adapter_winrt.cc:1074 Getting Default Adapter failed.
7월 20, 2022 10:29:05.707 [8004:8432:0720/102905.706:ERROR:device_event_log_impl.cc(214)] [10:29:05.706] Bluetooth: bluetooth_adapter_winrt.cc:1074 Getting Default Adapter failed.
7월 20, 2022 10:30:18.734 [6772:11132:0720/103018.733:ERROR:device_event_log_impl.cc(214)] [10:30:18.733] Bluetooth: bluetooth_adapter_winrt.cc:1074 Getting Default Adapter failed.
7월 20, 2022 10:30:56.647 [6968:4300:0720/103056.646:ERROR:device_event_log_impl.cc(214)] [10:30:56.646] Bluetooth: bluetooth_adapter_winrt.cc:1074 Getting Default Adapter failed.
7월 20, 2022 10:33:47.456 [9660:7956:0720/103347.456:ERROR:device_event_log_impl.cc(214)] [10:33:47.456] Bluetooth: bluetooth_adapter_winrt.cc:1074 Getting Default Adapter failed.
7월 20, 2022 10:34:19.327 [5708:9972:0720/103419.327:ERROR:device_event_log_impl.cc(214)] [10:34:19.327] Bluetooth: bluetooth_adapter_winrt.cc:1074 Getting Default Adapter failed.
7월 20, 2022 10:35:30.72 [7552:11060:0720/103530.071:ERROR:device_event_log_impl.cc(214)] [10:35:30.071] Bluetooth: bluetooth_adapter_winrt.cc:1074 Getting Default Adapter failed.
7월 20, 2022 10:39:41.901 [9716:4752:0720/103941.901:ERROR:device_event_log_impl.cc(214)] [10:39:41.901] Bluetooth: bluetooth_adapter_winrt.cc:1074 Getting Default Adapter failed.
7월 20, 2022 10:43:46.96 [8692:3788:0720/104346.096:ERROR:device_event_log_impl.cc(214)] [10:43:46.097] Bluetooth: bluetooth_adapter_winrt.cc:1074 Getting Default Adapter failed.
7월 20, 2022 11:26:39.760 [10848:6692:0720/112639.760:ERROR:device_event_log_impl.cc(214)] [11:26:39.760] Bluetooth: bluetooth_adapter_winrt.cc:1074 Getting Default Adapter failed.
7월 20, 2022 11:57:36.33 [2704:2864:0720/115736.032:ERROR:device_event_log_impl.cc(214)] [11:57:36.032] Bluetooth: bluetooth_adapter_winrt.cc:1074 Getting Default Adapter failed.
7월 20, 2022 11:57:58.210 [9364:7964:0720/115758.210:ERROR:device_event_log_impl.cc(214)] [11:57:58.211] Bluetooth: bluetooth_adapter_winrt.cc:1074 Getting Default Adapter failed.
7월 20, 2022 12:00:37.216 [4724:10912:0720/120037.216:ERROR:device_event_log_impl.cc(214)] [12:00:37.216] Bluetooth: bluetooth_adapter_winrt.cc:1074 Getting Default Adapter failed.
7월 20, 2022 12:01:04.205 [4848:6368:0720/120104.205:ERROR:device_event_log_impl.cc(214)] [12:01:04.205] Bluetooth: bluetooth_adapter_winrt.cc:1074 Getting Default Adapter failed.
7월 20, 2022 12:16:18.777 [4544:8592:0720/121618.777:ERROR:device_event_log_impl.cc(214)] [12:16:18.776] Bluetooth: bluetooth_adapter_winrt.cc:1074 Getting Default Adapter failed.
7월 20, 2022 12:17:38.290 [10588:7288:0720/121738.290:ERROR:device_event_log_impl.cc(214)] [12:17:38.290] Bluetooth: bluetooth_adapter_winrt.cc:1074 Getting Default Adapter failed.
7월 20, 2022 12:19:07.713 [10704:4232:0720/121907.713:ERROR:device_event_log_impl.cc(214)] [12:19:07.713] Bluetooth: bluetooth_adapter_winrt.cc:1074 Getting Default Adapter failed.
7월 20, 2022 12:21:56.946 [11056:10568:0720/122156.945:ERROR:device_event_log_impl.cc(214)] [12:21:56.946] Bluetooth: bluetooth_adapter_winrt.cc:1074 Getting Default Adapter failed.
7월 20, 2022 12:30:31.544 [264:8720:0720/123031.544:ERROR:device_event_log_impl.cc(214)] [12:30:31.544] Bluetooth: bluetooth_adapter_winrt.cc:1074 Getting Default Adapter failed.
7월 20, 2022 12:31:36.549 [2580:10660:0720/123136.548:ERROR:device_event_log_impl.cc(214)] [12:31:36.548] Bluetooth: bluetooth_adapter_winrt.cc:1074 Getting Default Adapter failed.
7월 20, 2022 12:32:39.707 [1032:1956:0720/123239.706:ERROR:device_event_log_impl.cc(214)] [12:32:39.707] Bluetooth: bluetooth_adapter_winrt.cc:1074 Getting Default Adapter failed.
7월 20, 2022 12:41:14.878 [8296:6224:0720/124114.877:ERROR:device_event_log_impl.cc(214)] [12:41:14.878] Bluetooth: bluetooth_adapter_winrt.cc:1074 Getting Default Adapter failed.
7월 20, 2022 15:34:00.300 [12120:5312:0720/153400.299:ERROR:device_event_log_impl.cc(214)] [15:34:00.300] Bluetooth: bluetooth_adapter_winrt.cc:1074 Getting Default Adapter failed.
7월 20, 2022 15:37:27.462 [7396:5636:0720/153727.461:ERROR:device_event_log_impl.cc(214)] [15:37:27.461] Bluetooth: bluetooth_adapter_winrt.cc:1074 Getting Default Adapter failed.
7월 20, 2022 15:41:24.746 [8232:11236:0720/154124.746:ERROR:device_event_log_impl.cc(214)] [15:41:24.746] Bluetooth: bluetooth_adapter_winrt.cc:1074 Getting Default Adapter failed.
7월 20, 2022 15:45:12.194 [9904:7184:0720/154512.194:ERROR:device_event_log_impl.cc(214)] [15:45:12.194] Bluetooth: bluetooth_adapter_winrt.cc:1074 Getting Default Adapter failed.
7월 20, 2022 15:45:21.146 [10780:4984:0720/154521.146:ERROR:device_event_log_impl.cc(214)] [15:45:21.146] Bluetooth: bluetooth_adapter_winrt.cc:1074 Getting Default Adapter failed.
7월 20, 2022 15:47:45.890 [4224:7200:0720/154745.890:ERROR:device_event_log_impl.cc(214)] [15:47:45.889] Bluetooth: bluetooth_adapter_winrt.cc:1074 Getting Default Adapter failed.
7월 20, 2022 16:35:37.123 [10872:2616:0720/163537.123:ERROR:device_event_log_impl.cc(214)] [16:35:37.122] Bluetooth: bluetooth_adapter_winrt.cc:1074 Getting Default Adapter failed.
7월 20, 2022 16:36:45.94 [11176:6324:0720/163645.093:ERROR:device_event_log_impl.cc(214)] [16:36:45.094] Bluetooth: bluetooth_adapter_winrt.cc:1074 Getting Default Adapter failed.
7월 20, 2022 16:51:34.188 [5320:6644:0720/165134.188:ERROR:device_event_log_impl.cc(214)] [16:51:34.188] Bluetooth: bluetooth_adapter_winrt.cc:1074 Getting Default Adapter failed.
7월 20, 2022 16:57:10.816 [3520:568:0720/165710.815:ERROR:device_event_log_impl.cc(214)] [16:57:10.816] Bluetooth: bluetooth_adapter_winrt.cc:1074 Getting Default Adapter failed.
7월 20, 2022 16:58:40.610 [10268:10908:0720/165840.610:ERROR:device_event_log_impl.cc(214)] [16:58:40.610] Bluetooth: bluetooth_adapter_winrt.cc:1074 Getting Default Adapter failed.
7월 20, 2022 17:14:51.948 [12256:2700:0720/171451.948:ERROR:device_event_log_impl.cc(214)] [17:14:51.948] Bluetooth: bluetooth_adapter_winrt.cc:1074 Getting Default Adapter failed.
7월 20, 2022 17:20:51.788 [10788:11364:0720/172051.788:ERROR:device_event_log_impl.cc(214)] [17:20:51.788] Bluetooth: bluetooth_adapter_winrt.cc:1074 Getting Default Adapter failed.
7월 20, 2022 17:21:58.524 [12232:11216:0720/172158.524:ERROR:device_event_log_impl.cc(214)] [17:21:58.524] Bluetooth: bluetooth_adapter_winrt.cc:1074 Getting Default Adapter failed.
7월 20, 2022 17:22:32.260 [6864:1044:0720/172232.260:ERROR:device_event_log_impl.cc(214)] [17:22:32.259] Bluetooth: bluetooth_adapter_winrt.cc:1074 Getting Default Adapter failed.
7월 20, 2022 17:24:29.94 [10444:2840:0720/172429.094:ERROR:device_event_log_impl.cc(214)] [17:24:29.094] Bluetooth: bluetooth_adapter_winrt.cc:1074 Getting Default Adapter failed.
7월 20, 2022 17:27:11.31 [10100:11344:0720/172711.031:ERROR:device_event_log_impl.cc(214)] [17:27:11.031] Bluetooth: bluetooth_adapter_winrt.cc:1074 Getting Default Adapter failed.
7월 20, 2022 17:27:17.123 [9416:5160:0720/172717.123:ERROR:device_event_log_impl.cc(214)] [17:27:17.123] Bluetooth: bluetooth_adapter_winrt.cc:1074 Getting Default Adapter failed.
7월 20, 2022 17:30:24.39 [1044:616:0720/173024.039:ERROR:device_event_log_impl.cc(214)] [17:30:24.039] Bluetooth: bluetooth_adapter_winrt.cc:1074 Getting Default Adapter failed.
7월 20, 2022 17:33:33.348 [11084:304:0720/173333.348:ERROR:device_event_log_impl.cc(214)] [17:33:33.349] Bluetooth: bluetooth_adapter_winrt.cc:1074 Getting Default Adapter failed.

7월 21, 2022 10:08:08.991 NEW SESSION
7월 21, 2022 10:08:08.991 [7180:3600:0721/100808.991:ERROR:device_event_log_impl.cc(214)] [10:08:08.991] Bluetooth: bluetooth_adapter_winrt.cc:1074 Getting Default Adapter failed.
7월 21, 2022 10:10:43.744 [6936:1892:0721/101043.744:ERROR:device_event_log_impl.cc(214)] [10:10:43.744] Bluetooth: bluetooth_adapter_winrt.cc:1074 Getting Default Adapter failed.
7월 21, 2022 10:17:52.906 [8196:9660:0721/101752.906:ERROR:device_event_log_impl.cc(214)] [10:17:52.906] Bluetooth: bluetooth_adapter_winrt.cc:1074 Getting Default Adapter failed.
7월 21, 2022 10:19:17.990 [2116:4232:0721/101917.990:ERROR:device_event_log_impl.cc(214)] [10:19:17.990] Bluetooth: bluetooth_adapter_winrt.cc:1074 Getting Default Adapter failed.
7월 21, 2022 10:19:50.966 [1336:5412:0721/101950.965:ERROR:device_event_log_impl.cc(214)] [10:19:50.966] Bluetooth: bluetooth_adapter_winrt.cc:1074 Getting Default Adapter failed.
7월 21, 2022 10:20:52.299 [4132:9652:0721/102052.299:ERROR:device_event_log_impl.cc(214)] [10:20:52.298] Bluetooth: bluetooth_adapter_winrt.cc:1074 Getting Default Adapter failed.
7월 21, 2022 10:26:35.218 [5132:4268:0721/102635.218:ERROR:device_event_log_impl.cc(214)] [10:26:35.218] Bluetooth: bluetooth_adapter_winrt.cc:1074 Getting Default Adapter failed.
7월 21, 2022 10:27:41.784 [6872:2692:0721/102741.784:ERROR:device_event_log_impl.cc(214)] [10:27:41.784] Bluetooth: bluetooth_adapter_winrt.cc:1074 Getting Default Adapter failed.
7월 21, 2022 10:28:01.449 [7752:4280:0721/102801.448:ERROR:device_event_log_impl.cc(214)] [10:28:01.449] Bluetooth: bluetooth_adapter_winrt.cc:1074 Getting Default Adapter failed.
7월 21, 2022 10:34:11.369 [2024:4636:0721/103411.369:ERROR:device_event_log_impl.cc(214)] [10:34:11.369] Bluetooth: bluetooth_adapter_winrt.cc:1074 Getting Default Adapter failed.
7월 21, 2022 10:34:58.329 [3212:1356:0721/103458.328:ERROR:device_event_log_impl.cc(214)] [10:34:58.328] Bluetooth: bluetooth_adapter_winrt.cc:1074 Getting Default Adapter failed.
7월 21, 2022 10:35:36.627 [6240:8220:0721/103536.626:ERROR:device_event_log_impl.cc(214)] [10:35:36.627] Bluetooth: bluetooth_adapter_winrt.cc:1074 Getting Default Adapter failed.
7월 21, 2022 10:37:24.184 [9072:4836:0721/103724.184:ERROR:device_event_log_impl.cc(214)] [10:37:24.185] Bluetooth: bluetooth_adapter_winrt.cc:1074 Getting Default Adapter failed.
7월 21, 2022 10:38:03.854 [7108:9572:0721/103803.854:ERROR:device_event_log_impl.cc(214)] [10:38:03.854] Bluetooth: bluetooth_adapter_winrt.cc:1074 Getting Default Adapter failed.
7월 21, 2022 10:38:52.796 [4312:1376:0721/103852.796:ERROR:device_event_log_impl.cc(214)] [10:38:52.796] Bluetooth: bluetooth_adapter_winrt.cc:1074 Getting Default Adapter failed.
7월 21, 2022 10:40:38.197 [8248:2776:0721/104038.196:ERROR:device_event_log_impl.cc(214)] [10:40:38.196] Bluetooth: bluetooth_adapter_winrt.cc:1074 Getting Default Adapter failed.
7월 21, 2022 10:40:56.708 [8596:8768:0721/104056.707:ERROR:device_event_log_impl.cc(214)] [10:40:56.708] Bluetooth: bluetooth_adapter_winrt.cc:1074 Getting Default Adapter failed.
7월 21, 2022 10:50:47.455 [9212:8292:0721/105047.454:ERROR:device_event_log_impl.cc(214)] [10:50:47.454] Bluetooth: bluetooth_adapter_winrt.cc:1074 Getting Default Adapter failed.
7월 21, 2022 10:51:17.40 [10076:8184:0721/105117.040:ERROR:device_event_log_impl.cc(214)] [10:51:17.039] Bluetooth: bluetooth_adapter_winrt.cc:1074 Getting Default Adapter failed.
7월 21, 2022 10:52:50.863 [4864:3240:0721/105250.863:ERROR:device_event_log_impl.cc(214)] [10:52:50.863] Bluetooth: bluetooth_adapter_winrt.cc:1074 Getting Default Adapter failed.
7월 21, 2022 10:56:28.76 [6784:2356:0721/105628.076:ERROR:device_event_log_impl.cc(214)] [10:56:28.076] Bluetooth: bluetooth_adapter_winrt.cc:1074 Getting Default Adapter failed.
7월 21, 2022 11:02:13.47 [3360:1996:0721/110213.046:ERROR:device_event_log_impl.cc(214)] [11:02:13.046] Bluetooth: bluetooth_adapter_winrt.cc:1074 Getting Default Adapter failed.
7월 21, 2022 11:02:42.991 [6628:7596:0721/110242.990:ERROR:device_event_log_impl.cc(214)] [11:02:42.990] Bluetooth: bluetooth_adapter_winrt.cc:1074 Getting Default Adapter failed.
7월 21, 2022 11:04:35.591 [1032:5828:0721/110435.591:ERROR:device_event_log_impl.cc(214)] [11:04:35.591] Bluetooth: bluetooth_adapter_winrt.cc:1074 Getting Default Adapter failed.
7월 21, 2022 11:07:01.118 [7552:3748:0721/110701.118:ERROR:device_event_log_impl.cc(214)] [11:07:01.117] Bluetooth: bluetooth_adapter_winrt.cc:1074 Getting Default Adapter failed.
7월 21, 2022 11:09:26.343 [8204:1352:0721/110926.343:ERROR:device_event_log_impl.cc(214)] [11:09:26.343] Bluetooth: bluetooth_adapter_winrt.cc:1074 Getting Default Adapter failed.
7월 21, 2022 11:12:10.563 [9692:8908:0721/111210.563:ERROR:device_event_log_impl.cc(214)] [11:12:10.562] Bluetooth: bluetooth_adapter_winrt.cc:1074 Getting Default Adapter failed.
7월 21, 2022 11:15:09.186 [4004:2748:0721/111509.185:ERROR:device_event_log_impl.cc(214)] [11:15:09.185] Bluetooth: bluetooth_adapter_winrt.cc:1074 Getting Default Adapter failed.
7월 21, 2022 11:17:38.853 [8416:6512:0721/111738.853:ERROR:device_event_log_impl.cc(214)] [11:17:38.853] Bluetooth: bluetooth_adapter_winrt.cc:1074 Getting Default Adapter failed.
7월 21, 2022 11:28:55.411 [1364:9428:0721/112855.411:ERROR:device_event_log_impl.cc(214)] [11:28:55.412] Bluetooth: bluetooth_adapter_winrt.cc:1074 Getting Default Adapter failed.
7월 21, 2022 11:29:50.729 [8032:6704:0721/112950.728:ERROR:device_event_log_impl.cc(214)] [11:29:50.728] Bluetooth: bluetooth_adapter_winrt.cc:1074 Getting Default Adapter failed.
7월 21, 2022 12:08:47.315 [1352:9652:0721/120847.314:ERROR:device_event_log_impl.cc(214)] [12:08:47.314] Bluetooth: bluetooth_adapter_winrt.cc:1074 Getting Default Adapter failed.
7월 21, 2022 12:10:01.633 [2780:5624:0721/121001.633:ERROR:device_event_log_impl.cc(214)] [12:10:01.633] Bluetooth: bluetooth_adapter_winrt.cc:1074 Getting Default Adapter failed.
7월 21, 2022 12:37:13.966 [7816:7928:0721/123713.966:ERROR:device_event_log_impl.cc(214)] [12:37:13.965] Bluetooth: bluetooth_adapter_winrt.cc:1074 Getting Default Adapter failed.
7월 21, 2022 12:40:17.193 [3440:9492:0721/124017.193:ERROR:device_event_log_impl.cc(214)] [12:40:17.192] Bluetooth: bluetooth_adapter_winrt.cc:1074 Getting Default Adapter failed.
7월 21, 2022 14:16:51.147 [1132:4684:0721/141651.147:ERROR:device_event_log_impl.cc(214)] [14:16:51.147] Bluetooth: bluetooth_adapter_winrt.cc:1074 Getting Default Adapter failed.
7월 21, 2022 14:53:55.70 [2816:3572:0721/145355.070:ERROR:device_event_log_impl.cc(214)] [14:53:55.070] Bluetooth: bluetooth_adapter_winrt.cc:1074 Getting Default Adapter failed.
7월 21, 2022 14:57:25.222 [2604:2892:0721/145725.222:ERROR:device_event_log_impl.cc(214)] [14:57:25.221] Bluetooth: bluetooth_adapter_winrt.cc:1074 Getting Default Adapter failed.
7월 21, 2022 15:01:54.435 [2088:4352:0721/150154.435:ERROR:device_event_log_impl.cc(214)] [15:01:54.435] Bluetooth: bluetooth_adapter_winrt.cc:1074 Getting Default Adapter failed.
7월 21, 2022 15:02:58.639 [6484:3404:0721/150258.639:ERROR:device_event_log_impl.cc(214)] [15:02:58.638] Bluetooth: bluetooth_adapter_winrt.cc:1074 Getting Default Adapter failed.
7월 21, 2022 15:12:06.218 [6484:3404:0721/151206.218:ERROR:interface_endpoint_client.cc(665)] Message 1 rejected by interface blink.mojom.WidgetHost
7월 21, 2022 15:39:29.635 [4012:7800:0721/153929.634:ERROR:device_event_log_impl.cc(214)] [15:39:29.635] Bluetooth: bluetooth_adapter_winrt.cc:1074 Getting Default Adapter failed.
7월 21, 2022 15:44:22.273 [4412:9392:0721/154422.273:ERROR:device_event_log_impl.cc(214)] [15:44:22.273] Bluetooth: bluetooth_adapter_winrt.cc:1074 Getting Default Adapter failed.
7월 21, 2022 15:51:08.648 [8716:9460:0721/155108.647:ERROR:device_event_log_impl.cc(214)] [15:51:08.648] Bluetooth: bluetooth_adapter_winrt.cc:1074 Getting Default Adapter failed.
7월 21, 2022 15:56:27.630 [7752:6744:0721/155627.630:ERROR:device_event_log_impl.cc(214)] [15:56:27.629] Bluetooth: bluetooth_adapter_winrt.cc:1074 Getting Default Adapter failed.
7월 21, 2022 16:00:50.128 [1732:10040:0721/160050.128:ERROR:device_event_log_impl.cc(214)] [16:00:50.128] Bluetooth: bluetooth_adapter_winrt.cc:1074 Getting Default Adapter failed.
7월 21, 2022 16:01:54.172 [1588:10188:0721/160154.172:ERROR:device_event_log_impl.cc(214)] [16:01:54.171] Bluetooth: bluetooth_adapter_winrt.cc:1074 Getting Default Adapter failed.
7월 21, 2022 16:08:48.47 [1804:2636:0721/160848.047:ERROR:device_event_log_impl.cc(214)] [16:08:48.047] Bluetooth: bluetooth_adapter_winrt.cc:1074 Getting Default Adapter failed.
7월 21, 2022 16:25:44.640 [1456:5164:0721/162544.640:ERROR:device_event_log_impl.cc(214)] [16:25:44.640] Bluetooth: bluetooth_adapter_winrt.cc:1074 Getting Default Adapter failed.
7월 21, 2022 16:27:24.561 [6312:3368:0721/162724.561:ERROR:device_event_log_impl.cc(214)] [16:27:24.561] Bluetooth: bluetooth_adapter_winrt.cc:1074 Getting Default Adapter failed.
7월 21, 2022 16:28:44.896 [7116:9332:0721/162844.896:ERROR:device_event_log_impl.cc(214)] [16:28:44.896] Bluetooth: bluetooth_adapter_winrt.cc:1074 Getting Default Adapter failed.
7월 21, 2022 16:29:06.852 [4008:5472:0721/162906.852:ERROR:device_event_log_impl.cc(214)] [16:29:06.852] Bluetooth: bluetooth_adapter_winrt.cc:1074 Getting Default Adapter failed.
7월 21, 2022 16:49:54.752 [548:7380:0721/164954.752:ERROR:device_event_log_impl.cc(214)] [16:49:54.751] Bluetooth: bluetooth_adapter_winrt.cc:1074 Getting Default Adapter failed.
7월 21, 2022 16:54:55.857 [10192:1468:0721/165455.857:ERROR:device_event_log_impl.cc(214)] [16:54:55.857] Bluetooth: bluetooth_adapter_winrt.cc:1074 Getting Default Adapter failed.
7월 21, 2022 16:57:53.277 [9756:1400:0721/165753.277:ERROR:device_event_log_impl.cc(214)] [16:57:53.276] Bluetooth: bluetooth_adapter_winrt.cc:1074 Getting Default Adapter failed.
7월 21, 2022 17:03:45.414 [7724:9964:0721/170345.414:ERROR:device_event_log_impl.cc(214)] [17:03:45.414] Bluetooth: bluetooth_adapter_winrt.cc:1074 Getting Default Adapter failed.
7월 21, 2022 17:14:26.994 [4228:5412:0721/171426.994:ERROR:device_event_log_impl.cc(214)] [17:14:26.994] Bluetooth: bluetooth_adapter_winrt.cc:1074 Getting Default Adapter failed.
7월 21, 2022 17:16:35.880 [2564:6304:0721/171635.880:ERROR:device_event_log_impl.cc(214)] [17:16:35.880] Bluetooth: bluetooth_adapter_winrt.cc:1074 Getting Default Adapter failed.
7월 21, 2022 17:17:25.828 [6408:2764:0721/171725.827:ERROR:device_event_log_impl.cc(214)] [17:17:25.827] Bluetooth: bluetooth_adapter_winrt.cc:1074 Getting Default Adapter failed.
7월 21, 2022 17:19:38.742 [4484:9756:0721/171938.742:ERROR:device_event_log_impl.cc(214)] [17:19:38.742] Bluetooth: bluetooth_adapter_winrt.cc:1074 Getting Default Adapter failed.
7월 21, 2022 17:20:44.996 [7836:5488:0721/172044.996:ERROR:device_event_log_impl.cc(214)] [17:20:44.996] Bluetooth: bluetooth_adapter_winrt.cc:1074 Getting Default Adapter failed.
7월 21, 2022 17:25:06.391 [320:516:0721/172506.390:ERROR:device_event_log_impl.cc(214)] [17:25:06.391] Bluetooth: bluetooth_adapter_winrt.cc:1074 Getting Default Adapter failed.
7월 21, 2022 17:26:07.744 [5260:7904:0721/172607.744:ERROR:device_event_log_impl.cc(214)] [17:26:07.744] Bluetooth: bluetooth_adapter_winrt.cc:1074 Getting Default Adapter failed.
7월 21, 2022 17:26:33.190 [3596:8264:0721/172633.190:ERROR:device_event_log_impl.cc(214)] [17:26:33.189] Bluetooth: bluetooth_adapter_winrt.cc:1074 Getting Default Adapter failed.
7월 21, 2022 17:28:14.570 [8420:4180:0721/172814.570:ERROR:device_event_log_impl.cc(214)] [17:28:14.570] Bluetooth: bluetooth_adapter_winrt.cc:1074 Getting Default Adapter failed.
7월 21, 2022 17:28:37.278 [4056:6944:0721/172837.278:ERROR:device_event_log_impl.cc(214)] [17:28:37.278] Bluetooth: bluetooth_adapter_winrt.cc:1074 Getting Default Adapter failed.
7월 21, 2022 17:32:27.496 [7208:9348:0721/173227.496:ERROR:device_event_log_impl.cc(214)] [17:32:27.496] Bluetooth: bluetooth_adapter_winrt.cc:1074 Getting Default Adapter failed.
7월 21, 2022 17:34:07.625 [2484:8704:0721/173407.625:ERROR:device_event_log_impl.cc(214)] [17:34:07.625] Bluetooth: bluetooth_adapter_winrt.cc:1074 Getting Default Adapter failed.
7월 21, 2022 17:38:56.646 [4588:4504:0721/173856.646:ERROR:device_event_log_impl.cc(214)] [17:38:56.646] Bluetooth: bluetooth_adapter_winrt.cc:1074 Getting Default Adapter failed.

7월 22, 2022 09:48:43.791 NEW SESSION
7월 22, 2022 09:48:43.791 [8092:9612:0722/094843.790:ERROR:device_event_log_impl.cc(214)] [09:48:43.790] Bluetooth: bluetooth_adapter_winrt.cc:1074 Getting Default Adapter failed.
7월 22, 2022 09:51:10.728 [2736:8080:0722/095110.728:ERROR:device_event_log_impl.cc(214)] [09:51:10.728] Bluetooth: bluetooth_adapter_winrt.cc:1074 Getting Default Adapter failed.
7월 22, 2022 09:51:51.564 [6304:8584:0722/095151.563:ERROR:device_event_log_impl.cc(214)] [09:51:51.563] Bluetooth: bluetooth_adapter_winrt.cc:1074 Getting Default Adapter failed.
7월 22, 2022 09:52:36.730 [3060:8992:0722/095236.730:ERROR:device_event_log_impl.cc(214)] [09:52:36.730] Bluetooth: bluetooth_adapter_winrt.cc:1074 Getting Default Adapter failed.
7월 22, 2022 11:06:50.233 [3960:7784:0722/110650.233:ERROR:device_event_log_impl.cc(214)] [11:06:50.233] Bluetooth: bluetooth_adapter_winrt.cc:1074 Getting Default Adapter failed.
7월 22, 2022 11:09:16.274 [3756:8168:0722/110916.274:ERROR:device_event_log_impl.cc(214)] [11:09:16.274] Bluetooth: bluetooth_adapter_winrt.cc:1074 Getting Default Adapter failed.
7월 22, 2022 11:34:38.410 [10572:2844:0722/113438.410:ERROR:device_event_log_impl.cc(214)] [11:34:38.410] Bluetooth: bluetooth_adapter_winrt.cc:1074 Getting Default Adapter failed.
7월 22, 2022 11:35:51.112 [6528:5440:0722/113551.112:ERROR:device_event_log_impl.cc(214)] [11:35:51.111] Bluetooth: bluetooth_adapter_winrt.cc:1074 Getting Default Adapter failed.
7월 22, 2022 11:38:20.201 [10204:1116:0722/113820.201:ERROR:device_event_log_impl.cc(214)] [11:38:20.201] Bluetooth: bluetooth_adapter_winrt.cc:1074 Getting Default Adapter failed.

7월 22, 2022 12:35:17.68 NEW SESSION
7월 22, 2022 12:35:17.68 [10628:5352:0722/123517.067:ERROR:device_event_log_impl.cc(214)] [12:35:17.067] Bluetooth: bluetooth_adapter_winrt.cc:1074 Getting Default Adapter failed.
7월 22, 2022 14:14:43.267 [8068:11252:0722/141443.267:ERROR:device_event_log_impl.cc(214)] [14:14:43.267] Bluetooth: bluetooth_adapter_winrt.cc:1074 Getting Default Adapter failed.
7월 22, 2022 14:15:51.172 [1788:6924:0722/141551.172:ERROR:device_event_log_impl.cc(214)] [14:15:51.172] Bluetooth: bluetooth_adapter_winrt.cc:1074 Getting Default Adapter failed.
7월 22, 2022 14:17:34.473 [10524:3960:0722/141734.472:ERROR:device_event_log_impl.cc(214)] [14:17:34.472] Bluetooth: bluetooth_adapter_winrt.cc:1074 Getting Default Adapter failed.
7월 22, 2022 14:17:54.708 [8992:3544:0722/141754.708:ERROR:device_event_log_impl.cc(214)] [14:17:54.708] Bluetooth: bluetooth_adapter_winrt.cc:1074 Getting Default Adapter failed.
7월 22, 2022 14:18:15.262 [300:10276:0722/141815.262:ERROR:device_event_log_impl.cc(214)] [14:18:15.261] Bluetooth: bluetooth_adapter_winrt.cc:1074 Getting Default Adapter failed.
7월 22, 2022 14:20:00.356 [8060:3232:0722/142000.356:ERROR:device_event_log_impl.cc(214)] [14:20:00.357] Bluetooth: bluetooth_adapter_winrt.cc:1074 Getting Default Adapter failed.
7월 22, 2022 14:20:33.579 [2932:3048:0722/142033.579:ERROR:device_event_log_impl.cc(214)] [14:20:33.578] Bluetooth: bluetooth_adapter_winrt.cc:1074 Getting Default Adapter failed.
7월 22, 2022 14:28:52.606 [1608:9380:0722/142852.606:ERROR:device_event_log_impl.cc(214)] [14:28:52.606] Bluetooth: bluetooth_adapter_winrt.cc:1074 Getting Default Adapter failed.
7월 22, 2022 15:39:06.760 [9120:8020:0722/153906.760:ERROR:device_event_log_impl.cc(214)] [15:39:06.761] Bluetooth: bluetooth_adapter_winrt.cc:1074 Getting Default Adapter failed.
7월 22, 2022 15:46:16.176 [4588:9408:0722/154616.176:ERROR:device_event_log_impl.cc(214)] [15:46:16.175] Bluetooth: bluetooth_adapter_winrt.cc:1074 Getting Default Adapter failed.
7월 22, 2022 15:47:35.378 [10660:4360:0722/154735.378:ERROR:device_event_log_impl.cc(214)] [15:47:35.379] Bluetooth: bluetooth_adapter_winrt.cc:1074 Getting Default Adapter failed.
7월 22, 2022 15:49:23.977 [524:9476:0722/154923.976:ERROR:device_event_log_impl.cc(214)] [15:49:23.976] Bluetooth: bluetooth_adapter_winrt.cc:1074 Getting Default Adapter failed.
7월 22, 2022 15:51:21.167 [9220:9468:0722/155121.167:ERROR:device_event_log_impl.cc(214)] [15:51:21.167] Bluetooth: bluetooth_adapter_winrt.cc:1074 Getting Default Adapter failed.
7월 22, 2022 15:52:16.259 [1696:2856:0722/155216.259:ERROR:device_event_log_impl.cc(214)] [15:52:16.259] Bluetooth: bluetooth_adapter_winrt.cc:1074 Getting Default Adapter failed.
7월 22, 2022 15:54:33.194 [7460:5084:0722/155433.194:ERROR:device_event_log_impl.cc(214)] [15:54:33.194] Bluetooth: bluetooth_adapter_winrt.cc:1074 Getting Default Adapter failed.
7월 22, 2022 15:55:28.178 [772:8152:0722/155528.177:ERROR:device_event_log_impl.cc(214)] [15:55:28.177] Bluetooth: bluetooth_adapter_winrt.cc:1074 Getting Default Adapter failed.
7월 22, 2022 16:20:57.453 [1344:10568:0722/162057.453:ERROR:device_event_log_impl.cc(214)] [16:20:57.453] Bluetooth: bluetooth_adapter_winrt.cc:1074 Getting Default Adapter failed.
7월 22, 2022 16:22:12.878 [5064:332:0722/162212.878:ERROR:device_event_log_impl.cc(214)] [16:22:12.878] Bluetooth: bluetooth_adapter_winrt.cc:1074 Getting Default Adapter failed.
7월 22, 2022 16:22:36.424 [6244:4572:0722/162236.424:ERROR:device_event_log_impl.cc(214)] [16:22:36.424] Bluetooth: bluetooth_adapter_winrt.cc:1074 Getting Default Adapter failed.
7월 22, 2022 16:25:30.48 [6536:3044:0722/162530.048:ERROR:device_event_log_impl.cc(214)] [16:25:30.048] Bluetooth: bluetooth_adapter_winrt.cc:1074 Getting Default Adapter failed.
7월 22, 2022 16:26:22.957 [3996:10692:0722/162622.956:ERROR:device_event_log_impl.cc(214)] [16:26:22.956] Bluetooth: bluetooth_adapter_winrt.cc:1074 Getting Default Adapter failed.
7월 22, 2022 16:42:47.844 [4488:6256:0722/164247.844:ERROR:device_event_log_impl.cc(214)] [16:42:47.843] Bluetooth: bluetooth_adapter_winrt.cc:1074 Getting Default Adapter failed.
7월 22, 2022 16:58:04.646 [5892:992:0722/165804.646:ERROR:device_event_log_impl.cc(214)] [16:58:04.645] Bluetooth: bluetooth_adapter_winrt.cc:1074 Getting Default Adapter failed.
7월 22, 2022 17:12:07.462 [10164:1452:0722/171207.462:ERROR:device_event_log_impl.cc(214)] [17:12:07.462] Bluetooth: bluetooth_adapter_winrt.cc:1074 Getting Default Adapter failed.
7월 22, 2022 17:12:40.621 [3576:10312:0722/171240.621:ERROR:device_event_log_impl.cc(214)] [17:12:40.621] Bluetooth: bluetooth_adapter_winrt.cc:1074 Getting Default Adapter failed.
7월 22, 2022 17:13:14.879 [8540:4560:0722/171314.879:ERROR:device_event_log_impl.cc(214)] [17:13:14.879] Bluetooth: bluetooth_adapter_winrt.cc:1074 Getting Default Adapter failed.
7월 22, 2022 17:14:14.970 [10692:5208:0722/171414.970:ERROR:device_event_log_impl.cc(214)] [17:14:14.969] Bluetooth: bluetooth_adapter_winrt.cc:1074 Getting Default Adapter failed.
7월 22, 2022 17:17:51.368 [7456:11244:0722/171751.368:ERROR:device_event_log_impl.cc(214)] [17:17:51.368] Bluetooth: bluetooth_adapter_winrt.cc:1074 Getting Default Adapter failed.
7월 22, 2022 17:18:25.175 [9088:8424:0722/171825.175:ERROR:device_event_log_impl.cc(214)] [17:18:25.175] Bluetooth: bluetooth_adapter_winrt.cc:1074 Getting Default Adapter failed.
7월 22, 2022 17:21:45.337 [6760:1620:0722/172145.336:ERROR:device_event_log_impl.cc(214)] [17:21:45.337] Bluetooth: bluetooth_adapter_winrt.cc:1074 Getting Default Adapter failed.

7월 25, 2022 10:09:32.902 NEW SESSION
7월 25, 2022 10:09:32.903 [6424:5664:0725/100932.902:ERROR:device_event_log_impl.cc(214)] [10:09:32.902] Bluetooth: bluetooth_adapter_winrt.cc:1074 Getting Default Adapter failed.
7월 25, 2022 10:49:03.105 [3156:7764:0725/104903.105:ERROR:device_event_log_impl.cc(214)] [10:49:03.105] Bluetooth: bluetooth_adapter_winrt.cc:1074 Getting Default Adapter failed.
7월 25, 2022 10:51:05.58 [8688:2464:0725/105105.058:ERROR:device_event_log_impl.cc(214)] [10:51:05.058] Bluetooth: bluetooth_adapter_winrt.cc:1074 Getting Default Adapter failed.
7월 25, 2022 10:56:04.121 [8548:9912:0725/105604.121:ERROR:device_event_log_impl.cc(214)] [10:56:04.120] Bluetooth: bluetooth_adapter_winrt.cc:1074 Getting Default Adapter failed.
7월 25, 2022 11:11:19.574 [5088:6044:0725/111119.574:ERROR:device_event_log_impl.cc(214)] [11:11:19.574] Bluetooth: bluetooth_adapter_winrt.cc:1074 Getting Default Adapter failed.
7월 25, 2022 11:12:02.651 [9636:8792:0725/111202.651:ERROR:device_event_log_impl.cc(214)] [11:12:02.650] Bluetooth: bluetooth_adapter_winrt.cc:1074 Getting Default Adapter failed.
7월 25, 2022 11:17:32.952 [3244:7920:0725/111732.952:ERROR:device_event_log_impl.cc(214)] [11:17:32.952] Bluetooth: bluetooth_adapter_winrt.cc:1074 Getting Default Adapter failed.
7월 25, 2022 11:21:17.831 [3360:8200:0725/112117.831:ERROR:device_event_log_impl.cc(214)] [11:21:17.831] Bluetooth: bluetooth_adapter_winrt.cc:1074 Getting Default Adapter failed.
7월 25, 2022 11:21:48.374 [8252:10220:0725/112148.373:ERROR:device_event_log_impl.cc(214)] [11:21:48.373] Bluetooth: bluetooth_adapter_winrt.cc:1074 Getting Default Adapter failed.
7월 25, 2022 11:22:38.590 [10920:4528:0725/112238.590:ERROR:device_event_log_impl.cc(214)] [11:22:38.590] Bluetooth: bluetooth_adapter_winrt.cc:1074 Getting Default Adapter failed.
7월 25, 2022 11:26:24.227 [2460:564:0725/112624.227:ERROR:device_event_log_impl.cc(214)] [11:26:24.227] Bluetooth: bluetooth_adapter_winrt.cc:1074 Getting Default Adapter failed.
7월 25, 2022 11:27:04.390 [2012:7204:0725/112704.390:ERROR:device_event_log_impl.cc(214)] [11:27:04.391] Bluetooth: bluetooth_adapter_winrt.cc:1074 Getting Default Adapter failed.
7월 25, 2022 11:28:04.819 [3248:10364:0725/112804.818:ERROR:device_event_log_impl.cc(214)] [11:28:04.818] Bluetooth: bluetooth_adapter_winrt.cc:1074 Getting Default Adapter failed.
7월 25, 2022 11:32:53.474 [2492:4432:0725/113253.474:ERROR:device_event_log_impl.cc(214)] [11:32:53.475] Bluetooth: bluetooth_adapter_winrt.cc:1074 Getting Default Adapter failed.
7월 25, 2022 12:04:17.965 [5664:4044:0725/120417.964:ERROR:device_event_log_impl.cc(214)] [12:04:17.964] Bluetooth: bluetooth_adapter_winrt.cc:1074 Getting Default Adapter failed.
7월 25, 2022 12:18:38.735 [7996:6636:0725/121838.735:ERROR:device_event_log_impl.cc(214)] [12:18:38.735] Bluetooth: bluetooth_adapter_winrt.cc:1074 Getting Default Adapter failed.
7월 25, 2022 12:20:14.90 [5184:3760:0725/122014.090:ERROR:device_event_log_impl.cc(214)] [12:20:14.089] Bluetooth: bluetooth_adapter_winrt.cc:1074 Getting Default Adapter failed.
7월 25, 2022 12:20:48.585 [6900:9384:0725/122048.585:ERROR:device_event_log_impl.cc(214)] [12:20:48.585] Bluetooth: bluetooth_adapter_winrt.cc:1074 Getting Default Adapter failed.
7월 25, 2022 12:22:00.233 [9948:6620:0725/122200.232:ERROR:device_event_log_impl.cc(214)] [12:22:00.233] Bluetooth: bluetooth_adapter_winrt.cc:1074 Getting Default Adapter failed.
7월 25, 2022 12:23:29.157 [8792:7552:0725/122329.157:ERROR:device_event_log_impl.cc(214)] [12:23:29.157] Bluetooth: bluetooth_adapter_winrt.cc:1074 Getting Default Adapter failed.
7월 25, 2022 12:54:03.713 [3004:8184:0725/125403.713:ERROR:device_event_log_impl.cc(214)] [12:54:03.712] Bluetooth: bluetooth_adapter_winrt.cc:1074 Getting Default Adapter failed.
7월 25, 2022 14:33:56.861 [1372:7744:0725/143356.861:ERROR:device_event_log_impl.cc(214)] [14:33:56.860] Bluetooth: bluetooth_adapter_winrt.cc:1074 Getting Default Adapter failed.
7월 25, 2022 14:35:27.568 [5184:2100:0725/143527.568:ERROR:device_event_log_impl.cc(214)] [14:35:27.568] Bluetooth: bluetooth_adapter_winrt.cc:1074 Getting Default Adapter failed.
7월 25, 2022 14:36:14.237 [9896:8304:0725/143614.237:ERROR:device_event_log_impl.cc(214)] [14:36:14.237] Bluetooth: bluetooth_adapter_winrt.cc:1074 Getting Default Adapter failed.
7월 25, 2022 14:39:14.761 [7996:7272:0725/143914.760:ERROR:device_event_log_impl.cc(214)] [14:39:14.760] Bluetooth: bluetooth_adapter_winrt.cc:1074 Getting Default Adapter failed.
7월 25, 2022 14:49:22.643 [10804:8752:0725/144922.643:ERROR:device_event_log_impl.cc(214)] [14:49:22.643] Bluetooth: bluetooth_adapter_winrt.cc:1074 Getting Default Adapter failed.
7월 25, 2022 14:55:27.807 [5584:9012:0725/145527.806:ERROR:device_event_log_impl.cc(214)] [14:55:27.806] Bluetooth: bluetooth_adapter_winrt.cc:1074 Getting Default Adapter failed.
7월 25, 2022 14:57:53.832 [2260:10416:0725/145753.832:ERROR:device_event_log_impl.cc(214)] [14:57:53.832] Bluetooth: bluetooth_adapter_winrt.cc:1074 Getting Default Adapter failed.
7월 25, 2022 14:58:06.876 [6344:2228:0725/145806.876:ERROR:device_event_log_impl.cc(214)] [14:58:06.875] Bluetooth: bluetooth_adapter_winrt.cc:1074 Getting Default Adapter failed.
7월 25, 2022 14:59:19.133 [6276:4332:0725/145919.133:ERROR:device_event_log_impl.cc(214)] [14:59:19.133] Bluetooth: bluetooth_adapter_winrt.cc:1074 Getting Default Adapter failed.
7월 25, 2022 15:49:24.546 [9568:9520:0725/154924.546:ERROR:device_event_log_impl.cc(214)] [15:49:24.546] Bluetooth: bluetooth_adapter_winrt.cc:1074 Getting Default Adapter failed.
7월 25, 2022 15:51:16.242 [6880:8944:0725/155116.242:ERROR:device_event_log_impl.cc(214)] [15:51:16.242] Bluetooth: bluetooth_adapter_winrt.cc:1074 Getting Default Adapter failed.
7월 25, 2022 16:07:42.653 [8932:2972:0725/160742.653:ERROR:device_event_log_impl.cc(214)] [16:07:42.653] Bluetooth: bluetooth_adapter_winrt.cc:1074 Getting Default Adapter failed.
7월 25, 2022 16:08:04.413 [6028:7988:0725/160804.413:ERROR:device_event_log_impl.cc(214)] [16:08:04.414] Bluetooth: bluetooth_adapter_winrt.cc:1074 Getting Default Adapter failed.
7월 25, 2022 16:18:32.53 [7104:10956:0725/161832.053:ERROR:device_event_log_impl.cc(214)] [16:18:32.054] Bluetooth: bluetooth_adapter_winrt.cc:1074 Getting Default Adapter failed.
7월 25, 2022 16:35:49.837 [6364:1328:0725/163549.837:ERROR:device_event_log_impl.cc(214)] [16:35:49.837] Bluetooth: bluetooth_adapter_winrt.cc:1074 Getting Default Adapter failed.
7월 25, 2022 16:36:32.118 [944:4592:0725/163632.118:ERROR:device_event_log_impl.cc(214)] [16:36:32.119] Bluetooth: bluetooth_adapter_winrt.cc:1074 Getting Default Adapter failed.
7월 25, 2022 16:37:51.116 [6784:9980:0725/163751.115:ERROR:device_event_log_impl.cc(214)] [16:37:51.116] Bluetooth: bluetooth_adapter_winrt.cc:1074 Getting Default Adapter failed.
7월 25, 2022 16:39:23.314 [7612:5112:0725/163923.314:ERROR:device_event_log_impl.cc(214)] [16:39:23.314] Bluetooth: bluetooth_adapter_winrt.cc:1074 Getting Default Adapter failed.
7월 25, 2022 16:44:10.507 [3380:1008:0725/164410.506:ERROR:device_event_log_impl.cc(214)] [16:44:10.507] Bluetooth: bluetooth_adapter_winrt.cc:1074 Getting Default Adapter failed.
7월 25, 2022 17:01:24.978 [9104:1940:0725/170124.978:ERROR:device_event_log_impl.cc(214)] [17:01:24.978] Bluetooth: bluetooth_adapter_winrt.cc:1074 Getting Default Adapter failed.
7월 25, 2022 17:23:48.891 [2488:7360:0725/172348.891:ERROR:device_event_log_impl.cc(214)] [17:23:48.891] Bluetooth: bluetooth_adapter_winrt.cc:1074 Getting Default Adapter failed.
7월 25, 2022 17:47:11.758 [9556:1632:0725/174711.758:ERROR:device_event_log_impl.cc(214)] [17:47:11.757] Bluetooth: bluetooth_adapter_winrt.cc:1074 Getting Default Adapter failed.
7월 25, 2022 17:52:05.487 [11036:5416:0725/175205.487:ERROR:device_event_log_impl.cc(214)] [17:52:05.486] Bluetooth: bluetooth_adapter_winrt.cc:1074 Getting Default Adapter failed.
7월 25, 2022 18:02:41.730 [1528:4784:0725/180241.730:ERROR:device_event_log_impl.cc(214)] [18:02:41.729] Bluetooth: bluetooth_adapter_winrt.cc:1074 Getting Default Adapter failed.
7월 25, 2022 18:04:58.578 [2732:9064:0725/180458.578:ERROR:device_event_log_impl.cc(214)] [18:04:58.578] Bluetooth: bluetooth_adapter_winrt.cc:1074 Getting Default Adapter failed.
7월 25, 2022 18:07:04.234 [6072:3068:0725/180704.233:ERROR:device_event_log_impl.cc(214)] [18:07:04.234] Bluetooth: bluetooth_adapter_winrt.cc:1074 Getting Default Adapter failed.
7월 25, 2022 18:07:46.536 [6292:1392:0725/180746.535:ERROR:device_event_log_impl.cc(214)] [18:07:46.535] Bluetooth: bluetooth_adapter_winrt.cc:1074 Getting Default Adapter failed.

7월 26, 2022 09:29:38.49 NEW SESSION
7월 26, 2022 09:29:38.49 [4204:8268:0726/092938.049:ERROR:device_event_log_impl.cc(214)] [09:29:38.048] Bluetooth: bluetooth_adapter_winrt.cc:1074 Getting Default Adapter failed.
7월 26, 2022 10:02:22.958 [7940:1552:0726/100222.958:ERROR:device_event_log_impl.cc(214)] [10:02:22.958] Bluetooth: bluetooth_adapter_winrt.cc:1074 Getting Default Adapter failed.

7월 26, 2022 10:05:26.899 NEW SESSION
7월 26, 2022 10:05:26.899 [10104:1552:0726/100526.898:ERROR:device_event_log_impl.cc(214)] [10:05:26.898] Bluetooth: bluetooth_adapter_winrt.cc:1074 Getting Default Adapter failed.
7월 26, 2022 10:09:07.457 [8088:4612:0726/100907.456:ERROR:device_event_log_impl.cc(214)] [10:09:07.456] Bluetooth: bluetooth_adapter_winrt.cc:1074 Getting Default Adapter failed.
7월 26, 2022 10:14:26.547 [6900:9076:0726/101426.547:ERROR:device_event_log_impl.cc(214)] [10:14:26.547] Bluetooth: bluetooth_adapter_winrt.cc:1074 Getting Default Adapter failed.
7월 26, 2022 10:16:40.909 [10104:7628:0726/101640.909:ERROR:device_event_log_impl.cc(214)] [10:16:40.909] Bluetooth: bluetooth_adapter_winrt.cc:1074 Getting Default Adapter failed.
7월 26, 2022 10:19:29.372 [8516:8440:0726/101929.372:ERROR:device_event_log_impl.cc(214)] [10:19:29.372] Bluetooth: bluetooth_adapter_winrt.cc:1074 Getting Default Adapter failed.
7월 26, 2022 10:47:53.385 [5516:6412:0726/104753.385:ERROR:device_event_log_impl.cc(214)] [10:47:53.384] Bluetooth: bluetooth_adapter_winrt.cc:1074 Getting Default Adapter failed.
7월 26, 2022 11:47:02.128 [4692:880:0726/114702.127:ERROR:device_event_log_impl.cc(214)] [11:47:02.127] Bluetooth: bluetooth_adapter_winrt.cc:1074 Getting Default Adapter failed.
7월 26, 2022 11:47:12.395 [9860:8940:0726/114712.395:ERROR:device_event_log_impl.cc(214)] [11:47:12.395] Bluetooth: bluetooth_adapter_winrt.cc:1074 Getting Default Adapter failed.

7월 26, 2022 11:50:14.342 NEW SESSION
7월 26, 2022 11:50:14.342 [4312:4868:0726/115014.341:ERROR:device_event_log_impl.cc(214)] [11:50:14.341] Bluetooth: bluetooth_adapter_winrt.cc:1074 Getting Default Adapter failed.
7월 26, 2022 12:08:59.312 [2740:1996:0726/120859.311:ERROR:device_event_log_impl.cc(214)] [12:08:59.311] Bluetooth: bluetooth_adapter_winrt.cc:1074 Getting Default Adapter failed.
7월 26, 2022 12:13:21.122 [5772:7456:0726/121321.122:ERROR:device_event_log_impl.cc(214)] [12:13:21.122] Bluetooth: bluetooth_adapter_winrt.cc:1074 Getting Default Adapter failed.
7월 26, 2022 12:20:23.19 [9956:10120:0726/122023.019:ERROR:device_event_log_impl.cc(214)] [12:20:23.018] Bluetooth: bluetooth_adapter_winrt.cc:1074 Getting Default Adapter failed.
7월 26, 2022 12:40:44.918 [8472:10112:0726/124044.918:ERROR:device_event_log_impl.cc(214)] [12:40:44.918] Bluetooth: bluetooth_adapter_winrt.cc:1074 Getting Default Adapter failed.
7월 26, 2022 12:41:05.820 [8380:3532:0726/124105.820:ERROR:device_event_log_impl.cc(214)] [12:41:05.820] Bluetooth: bluetooth_adapter_winrt.cc:1074 Getting Default Adapter failed.
7월 26, 2022 12:46:57.69 [8024:2808:0726/124657.068:ERROR:device_event_log_impl.cc(214)] [12:46:57.068] Bluetooth: bluetooth_adapter_winrt.cc:1074 Getting Default Adapter failed.
7월 26, 2022 13:03:02.833 [3976:3656:0726/130302.832:ERROR:device_event_log_impl.cc(214)] [13:03:02.832] Bluetooth: bluetooth_adapter_winrt.cc:1074 Getting Default Adapter failed.
7월 26, 2022 13:03:50.219 [10184:324:0726/130350.219:ERROR:device_event_log_impl.cc(214)] [13:03:50.219] Bluetooth: bluetooth_adapter_winrt.cc:1074 Getting Default Adapter failed.
7월 26, 2022 13:10:26.214 [9212:2912:0726/131026.214:ERROR:device_event_log_impl.cc(214)] [13:10:26.215] Bluetooth: bluetooth_adapter_winrt.cc:1074 Getting Default Adapter failed.
7월 26, 2022 14:42:44.483 [7652:7412:0726/144244.483:ERROR:device_event_log_impl.cc(214)] [14:42:44.482] Bluetooth: bluetooth_adapter_winrt.cc:1074 Getting Default Adapter failed.
7월 26, 2022 14:43:34.56 [1072:292:0726/144334.056:ERROR:device_event_log_impl.cc(214)] [14:43:34.056] Bluetooth: bluetooth_adapter_winrt.cc:1074 Getting Default Adapter failed.
7월 26, 2022 14:43:57.616 [2752:8024:0726/144357.616:ERROR:device_event_log_impl.cc(214)] [14:43:57.616] Bluetooth: bluetooth_adapter_winrt.cc:1074 Getting Default Adapter failed.
7월 26, 2022 14:47:03.217 [4868:7560:0726/144703.216:ERROR:device_event_log_impl.cc(214)] [14:47:03.216] Bluetooth: bluetooth_adapter_winrt.cc:1074 Getting Default Adapter failed.
7월 26, 2022 14:48:06.376 [6636:4692:0726/144806.375:ERROR:device_event_log_impl.cc(214)] [14:48:06.375] Bluetooth: bluetooth_adapter_winrt.cc:1074 Getting Default Adapter failed.
7월 26, 2022 16:20:55.333 [10876:10760:0726/162055.333:ERROR:device_event_log_impl.cc(214)] [16:20:55.333] Bluetooth: bluetooth_adapter_winrt.cc:1074 Getting Default Adapter failed.
7월 26, 2022 16:27:01.48 [4040:2492:0726/162701.048:ERROR:device_event_log_impl.cc(214)] [16:27:01.048] Bluetooth: bluetooth_adapter_winrt.cc:1074 Getting Default Adapter failed.

7월 27, 2022 10:58:25.961 NEW SESSION
7월 27, 2022 10:58:25.961 [9340:6680:0727/105825.960:ERROR:device_event_log_impl.cc(214)] [10:58:25.960] Bluetooth: bluetooth_adapter_winrt.cc:1074 Getting Default Adapter failed.

7월 27, 2022 13:56:03.858 NEW SESSION
7월 27, 2022 13:56:03.858 [8788:4288:0727/135603.857:ERROR:device_event_log_impl.cc(214)] [13:56:03.856] Bluetooth: bluetooth_adapter_winrt.cc:1074 Getting Default Adapter failed.
7월 27, 2022 14:02:16.417 [9180:4164:0727/140216.417:ERROR:device_event_log_impl.cc(214)] [14:02:16.416] Bluetooth: bluetooth_adapter_winrt.cc:1074 Getting Default Adapter failed.
7월 27, 2022 14:18:10.660 [1680:1768:0727/141810.660:ERROR:device_event_log_impl.cc(214)] [14:18:10.660] Bluetooth: bluetooth_adapter_winrt.cc:1074 Getting Default Adapter failed.
7월 27, 2022 14:20:16.586 [2400:4756:0727/142016.586:ERROR:device_event_log_impl.cc(214)] [14:20:16.586] Bluetooth: bluetooth_adapter_winrt.cc:1074 Getting Default Adapter failed.
7월 27, 2022 14:23:23.755 [7880:4584:0727/142323.755:ERROR:device_event_log_impl.cc(214)] [14:23:23.754] Bluetooth: bluetooth_adapter_winrt.cc:1074 Getting Default Adapter failed.
7월 27, 2022 14:23:35.798 [7284:3532:0727/142335.798:ERROR:device_event_log_impl.cc(214)] [14:23:35.797] Bluetooth: bluetooth_adapter_winrt.cc:1074 Getting Default Adapter failed.
7월 27, 2022 14:27:37.683 [7924:2180:0727/142737.683:ERROR:device_event_log_impl.cc(214)] [14:27:37.683] Bluetooth: bluetooth_adapter_winrt.cc:1074 Getting Default Adapter failed.
7월 27, 2022 14:28:38.682 [7140:3220:0727/142838.682:ERROR:device_event_log_impl.cc(214)] [14:28:38.681] Bluetooth: bluetooth_adapter_winrt.cc:1074 Getting Default Adapter failed.
7월 27, 2022 14:30:03.123 [1248:1140:0727/143003.123:ERROR:device_event_log_impl.cc(214)] [14:30:03.123] Bluetooth: bluetooth_adapter_winrt.cc:1074 Getting Default Adapter failed.
7월 27, 2022 15:09:44.88 [3880:9156:0727/150944.087:ERROR:device_event_log_impl.cc(214)] [15:09:44.087] Bluetooth: bluetooth_adapter_winrt.cc:1074 Getting Default Adapter failed.
7월 27, 2022 15:31:18.201 [9572:8864:0727/153118.201:ERROR:device_event_log_impl.cc(214)] [15:31:18.201] Bluetooth: bluetooth_adapter_winrt.cc:1074 Getting Default Adapter failed.
7월 27, 2022 15:38:40.617 [1988:4936:0727/153840.616:ERROR:device_event_log_impl.cc(214)] [15:38:40.616] Bluetooth: bluetooth_adapter_winrt.cc:1074 Getting Default Adapter failed.

7월 27, 2022 17:48:54.572 NEW SESSION
7월 27, 2022 17:48:54.572 [2676:3464:0727/174854.571:ERROR:device_event_log_impl.cc(214)] [17:48:54.571] Bluetooth: bluetooth_adapter_winrt.cc:1074 Getting Default Adapter failed.
7월 27, 2022 17:52:28.06 [8768:9260:0727/175228.006:ERROR:device_event_log_impl.cc(214)] [17:52:28.005] Bluetooth: bluetooth_adapter_winrt.cc:1074 Getting Default Adapter failed.

7월 28, 2022 09:49:00.957 NEW SESSION
7월 28, 2022 09:49:00.957 [2456:5100:0728/094900.956:ERROR:device_event_log_impl.cc(214)] [09:49:00.956] Bluetooth: bluetooth_adapter_winrt.cc:1074 Getting Default Adapter failed.
7월 28, 2022 09:52:22.535 [9504:4108:0728/095222.535:ERROR:device_event_log_impl.cc(214)] [09:52:22.534] Bluetooth: bluetooth_adapter_winrt.cc:1074 Getting Default Adapter failed.
7월 28, 2022 09:54:33.569 [4708:9444:0728/095433.569:ERROR:device_event_log_impl.cc(214)] [09:54:33.568] Bluetooth: bluetooth_adapter_winrt.cc:1074 Getting Default Adapter failed.
7월 28, 2022 09:58:56.617 [10220:9652:0728/095856.617:ERROR:device_event_log_impl.cc(214)] [09:58:56.616] Bluetooth: bluetooth_adapter_winrt.cc:1074 Getting Default Adapter failed.
7월 28, 2022 10:04:54.817 [6608:10012:0728/100454.817:ERROR:device_event_log_impl.cc(214)] [10:04:54.817] Bluetooth: bluetooth_adapter_winrt.cc:1074 Getting Default Adapter failed.
7월 28, 2022 10:15:22.21 [9556:6128:0728/101522.020:ERROR:device_event_log_impl.cc(214)] [10:15:22.021] Bluetooth: bluetooth_adapter_winrt.cc:1074 Getting Default Adapter failed.
7월 28, 2022 10:16:23.247 [8664:5328:0728/101623.246:ERROR:device_event_log_impl.cc(214)] [10:16:23.247] Bluetooth: bluetooth_adapter_winrt.cc:1074 Getting Default Adapter failed.
7월 28, 2022 10:19:19.921 [1924:7140:0728/101919.921:ERROR:device_event_log_impl.cc(214)] [10:19:19.921] Bluetooth: bluetooth_adapter_winrt.cc:1074 Getting Default Adapter failed.
7월 28, 2022 10:21:01.489 [6476:7628:0728/102101.489:ERROR:device_event_log_impl.cc(214)] [10:21:01.489] Bluetooth: bluetooth_adapter_winrt.cc:1074 Getting Default Adapter failed.
7월 28, 2022 11:33:56.575 [8596:4016:0728/113356.575:ERROR:device_event_log_impl.cc(214)] [11:33:56.575] Bluetooth: bluetooth_adapter_winrt.cc:1074 Getting Default Adapter failed.
7월 28, 2022 11:35:04.87 [6924:9000:0728/113504.087:ERROR:device_event_log_impl.cc(214)] [11:35:04.088] Bluetooth: bluetooth_adapter_winrt.cc:1074 Getting Default Adapter failed.
7월 28, 2022 11:41:07.622 [2372:7468:0728/114107.622:ERROR:device_event_log_impl.cc(214)] [11:41:07.622] Bluetooth: bluetooth_adapter_winrt.cc:1074 Getting Default Adapter failed.
7월 28, 2022 11:44:28.506 [7460:2592:0728/114428.506:ERROR:device_event_log_impl.cc(214)] [11:44:28.507] Bluetooth: bluetooth_adapter_winrt.cc:1074 Getting Default Adapter failed.
7월 28, 2022 11:44:46.795 [4656:9068:0728/114446.795:ERROR:device_event_log_impl.cc(214)] [11:44:46.795] Bluetooth: bluetooth_adapter_winrt.cc:1074 Getting Default Adapter failed.
7월 28, 2022 11:51:54.601 [4688:4692:0728/115154.600:ERROR:device_event_log_impl.cc(214)] [11:51:54.601] Bluetooth: bluetooth_adapter_winrt.cc:1074 Getting Default Adapter failed.
7월 28, 2022 12:29:22.432 [3952:9844:0728/122922.432:ERROR:device_event_log_impl.cc(214)] [12:29:22.432] Bluetooth: bluetooth_adapter_winrt.cc:1074 Getting Default Adapter failed.
7월 28, 2022 12:29:47.773 [1224:2732:0728/122947.773:ERROR:device_event_log_impl.cc(214)] [12:29:47.773] Bluetooth: bluetooth_adapter_winrt.cc:1074 Getting Default Adapter failed.
7월 28, 2022 13:00:09.881 [9548:6276:0728/130009.881:ERROR:device_event_log_impl.cc(214)] [13:00:09.881] Bluetooth: bluetooth_adapter_winrt.cc:1074 Getting Default Adapter failed.
7월 28, 2022 13:03:46.05 [9080:6552:0728/130346.004:ERROR:device_event_log_impl.cc(214)] [13:03:46.004] Bluetooth: bluetooth_adapter_winrt.cc:1074 Getting Default Adapter failed.
7월 28, 2022 13:04:11.955 [4732:1224:0728/130411.955:ERROR:device_event_log_impl.cc(214)] [13:04:11.955] Bluetooth: bluetooth_adapter_winrt.cc:1074 Getting Default Adapter failed.
7월 28, 2022 13:04:49.680 [8136:9524:0728/130449.680:ERROR:device_event_log_impl.cc(214)] [13:04:49.680] Bluetooth: bluetooth_adapter_winrt.cc:1074 Getting Default Adapter failed.
7월 28, 2022 13:05:09.238 [8664:7556:0728/130509.238:ERROR:device_event_log_impl.cc(214)] [13:05:09.237] Bluetooth: bluetooth_adapter_winrt.cc:1074 Getting Default Adapter failed.
7월 28, 2022 13:07:03.203 [9592:2572:0728/130703.203:ERROR:device_event_log_impl.cc(214)] [13:07:03.203] Bluetooth: bluetooth_adapter_winrt.cc:1074 Getting Default Adapter failed.
7월 28, 2022 13:09:23.253 [7088:6480:0728/130923.253:ERROR:device_event_log_impl.cc(214)] [13:09:23.253] Bluetooth: bluetooth_adapter_winrt.cc:1074 Getting Default Adapter failed.
7월 28, 2022 13:37:00.19 [8688:2392:0728/133700.019:ERROR:device_event_log_impl.cc(214)] [13:37:00.018] Bluetooth: bluetooth_adapter_winrt.cc:1074 Getting Default Adapter failed.
7월 28, 2022 13:37:13.675 [1792:6416:0728/133713.675:ERROR:device_event_log_impl.cc(214)] [13:37:13.674] Bluetooth: bluetooth_adapter_winrt.cc:1074 Getting Default Adapter failed.
7월 28, 2022 13:37:34.919 [3540:1924:0728/133734.919:ERROR:device_event_log_impl.cc(214)] [13:37:34.918] Bluetooth: bluetooth_adapter_winrt.cc:1074 Getting Default Adapter failed.
7월 28, 2022 13:37:55.207 [6396:6660:0728/133755.207:ERROR:device_event_log_impl.cc(214)] [13:37:55.207] Bluetooth: bluetooth_adapter_winrt.cc:1074 Getting Default Adapter failed.
7월 28, 2022 14:39:58.503 [10700:6164:0728/143958.503:ERROR:device_event_log_impl.cc(214)] [14:39:58.502] Bluetooth: bluetooth_adapter_winrt.cc:1074 Getting Default Adapter failed.
7월 28, 2022 14:43:57.837 [1224:2916:0728/144357.837:ERROR:device_event_log_impl.cc(214)] [14:43:57.837] Bluetooth: bluetooth_adapter_winrt.cc:1074 Getting Default Adapter failed.
7월 28, 2022 14:46:23.258 [3764:10076:0728/144623.258:ERROR:device_event_log_impl.cc(214)] [14:46:23.257] Bluetooth: bluetooth_adapter_winrt.cc:1074 Getting Default Adapter failed.
7월 28, 2022 14:48:38.382 [1972:1660:0728/144838.382:ERROR:device_event_log_impl.cc(214)] [14:48:38.382] Bluetooth: bluetooth_adapter_winrt.cc:1074 Getting Default Adapter failed.
7월 28, 2022 14:49:05.226 [10620:2828:0728/144905.226:ERROR:device_event_log_impl.cc(214)] [14:49:05.226] Bluetooth: bluetooth_adapter_winrt.cc:1074 Getting Default Adapter failed.

7월 28, 2022 14:57:17.433 NEW SESSION
7월 28, 2022 14:57:17.434 [10048:10044:0728/145717.433:ERROR:device_event_log_impl.cc(214)] [14:57:17.432] Bluetooth: bluetooth_adapter_winrt.cc:1074 Getting Default Adapter failed.
7월 28, 2022 14:58:18.766 [10640:10564:0728/145818.766:ERROR:device_event_log_impl.cc(214)] [14:58:18.765] Bluetooth: bluetooth_adapter_winrt.cc:1074 Getting Default Adapter failed.
7월 28, 2022 15:00:01.573 [1556:1904:0728/150001.573:ERROR:device_event_log_impl.cc(214)] [15:00:01.572] Bluetooth: bluetooth_adapter_winrt.cc:1074 Getting Default Adapter failed.
7월 28, 2022 15:01:06.586 [4000:4040:0728/150106.586:ERROR:device_event_log_impl.cc(214)] [15:01:06.586] Bluetooth: bluetooth_adapter_winrt.cc:1074 Getting Default Adapter failed.
7월 28, 2022 15:01:23.613 [11864:2124:0728/150123.613:ERROR:device_event_log_impl.cc(214)] [15:01:23.614] Bluetooth: bluetooth_adapter_winrt.cc:1074 Getting Default Adapter failed.

7월 28, 2022 15:08:01.963 NEW SESSION
7월 28, 2022 15:08:01.963 [7792:7616:0728/150801.962:ERROR:device_event_log_impl.cc(214)] [15:08:01.961] Bluetooth: bluetooth_adapter_winrt.cc:1074 Getting Default Adapter failed.
7월 28, 2022 15:09:04.323 [8228:8236:0728/150904.322:ERROR:device_event_log_impl.cc(214)] [15:09:04.322] Bluetooth: bluetooth_adapter_winrt.cc:1074 Getting Default Adapter failed.
7월 28, 2022 15:13:27.305 [3504:8328:0728/151327.305:ERROR:device_event_log_impl.cc(214)] [15:13:27.305] Bluetooth: bluetooth_adapter_winrt.cc:1074 Getting Default Adapter failed.
7월 28, 2022 15:14:44.456 [3176:6288:0728/151444.456:ERROR:device_event_log_impl.cc(214)] [15:14:44.457] Bluetooth: bluetooth_adapter_winrt.cc:1074 Getting Default Adapter failed.
7월 28, 2022 15:17:10.120 [1076:7040:0728/151710.120:ERROR:device_event_log_impl.cc(214)] [15:17:10.120] Bluetooth: bluetooth_adapter_winrt.cc:1074 Getting Default Adapter failed.
7월 28, 2022 15:17:51.687 [9756:3520:0728/151751.686:ERROR:device_event_log_impl.cc(214)] [15:17:51.687] Bluetooth: bluetooth_adapter_winrt.cc:1074 Getting Default Adapter failed.
7월 28, 2022 15:21:31.849 [780:1616:0728/152131.849:ERROR:device_event_log_impl.cc(214)] [15:21:31.849] Bluetooth: bluetooth_adapter_winrt.cc:1074 Getting Default Adapter failed.
7월 28, 2022 15:23:20.882 [4380:8908:0728/152320.882:ERROR:device_event_log_impl.cc(214)] [15:23:20.882] Bluetooth: bluetooth_adapter_winrt.cc:1074 Getting Default Adapter failed.
7월 28, 2022 15:24:28.842 [11060:11352:0728/152428.842:ERROR:device_event_log_impl.cc(214)] [15:24:28.842] Bluetooth: bluetooth_adapter_winrt.cc:1074 Getting Default Adapter failed.
7월 28, 2022 15:31:00.757 [9424:6300:0728/153100.757:ERROR:device_event_log_impl.cc(214)] [15:31:00.757] Bluetooth: bluetooth_adapter_winrt.cc:1074 Getting Default Adapter failed.
7월 28, 2022 15:34:37.452 [7960:4760:0728/153437.451:ERROR:device_event_log_impl.cc(214)] [15:34:37.452] Bluetooth: bluetooth_adapter_winrt.cc:1074 Getting Default Adapter failed.
7월 28, 2022 15:35:29.259 [12040:11008:0728/153529.259:ERROR:device_event_log_impl.cc(214)] [15:35:29.259] Bluetooth: bluetooth_adapter_winrt.cc:1074 Getting Default Adapter failed.
7월 28, 2022 15:37:32.106 [2560:3416:0728/153732.106:ERROR:device_event_log_impl.cc(214)] [15:37:32.106] Bluetooth: bluetooth_adapter_winrt.cc:1074 Getting Default Adapter failed.
7월 28, 2022 15:38:25.558 [4908:4232:0728/153825.558:ERROR:device_event_log_impl.cc(214)] [15:38:25.558] Bluetooth: bluetooth_adapter_winrt.cc:1074 Getting Default Adapter failed.
7월 28, 2022 15:40:37.876 [11872:2644:0728/154037.876:ERROR:device_event_log_impl.cc(214)] [15:40:37.876] Bluetooth: bluetooth_adapter_winrt.cc:1074 Getting Default Adapter failed.
7월 28, 2022 15:41:25.790 [6948:7616:0728/154125.790:ERROR:device_event_log_impl.cc(214)] [15:41:25.790] Bluetooth: bluetooth_adapter_winrt.cc:1074 Getting Default Adapter failed.
7월 28, 2022 15:43:12.654 [6676:9528:0728/154312.653:ERROR:device_event_log_impl.cc(214)] [15:43:12.653] Bluetooth: bluetooth_adapter_winrt.cc:1074 Getting Default Adapter failed.
7월 28, 2022 15:44:09.506 [6160:8752:0728/154409.506:ERROR:device_event_log_impl.cc(214)] [15:44:09.507] Bluetooth: bluetooth_adapter_winrt.cc:1074 Getting Default Adapter failed.
7월 28, 2022 15:50:39.226 [3352:3176:0728/155039.226:ERROR:device_event_log_impl.cc(214)] [15:50:39.225] Bluetooth: bluetooth_adapter_winrt.cc:1074 Getting Default Adapter failed.
7월 28, 2022 15:53:14.994 [11012:6960:0728/155314.994:ERROR:device_event_log_impl.cc(214)] [15:53:14.993] Bluetooth: bluetooth_adapter_winrt.cc:1074 Getting Default Adapter failed.
7월 28, 2022 16:00:20.339 [9280:7368:0728/160020.338:ERROR:device_event_log_impl.cc(214)] [16:00:20.338] Bluetooth: bluetooth_adapter_winrt.cc:1074 Getting Default Adapter failed.
7월 28, 2022 16:15:26.346 [1456:2288:0728/161526.346:ERROR:device_event_log_impl.cc(214)] [16:15:26.345] Bluetooth: bluetooth_adapter_winrt.cc:1074 Getting Default Adapter failed.
7월 28, 2022 16:17:20.600 [3136:1172:0728/161720.600:ERROR:device_event_log_impl.cc(214)] [16:17:20.600] Bluetooth: bluetooth_adapter_winrt.cc:1074 Getting Default Adapter failed.
7월 28, 2022 16:28:42.520 [8864:3968:0728/162842.520:ERROR:device_event_log_impl.cc(214)] [16:28:42.520] Bluetooth: bluetooth_adapter_winrt.cc:1074 Getting Default Adapter failed.
7월 28, 2022 16:32:11.917 [9140:10100:0728/163211.917:ERROR:device_event_log_impl.cc(214)] [16:32:11.917] Bluetooth: bluetooth_adapter_winrt.cc:1074 Getting Default Adapter failed.
7월 28, 2022 16:40:09.963 [10804:4028:0728/164009.963:ERROR:device_event_log_impl.cc(214)] [16:40:09.963] Bluetooth: bluetooth_adapter_winrt.cc:1074 Getting Default Adapter failed.
7월 28, 2022 16:41:29.850 [2640:8376:0728/164129.850:ERROR:device_event_log_impl.cc(214)] [16:41:29.850] Bluetooth: bluetooth_adapter_winrt.cc:1074 Getting Default Adapter failed.
7월 28, 2022 16:42:09.830 [11864:8844:0728/164209.829:ERROR:device_event_log_impl.cc(214)] [16:42:09.829] Bluetooth: bluetooth_adapter_winrt.cc:1074 Getting Default Adapter failed.
7월 28, 2022 16:43:59.846 [8472:6576:0728/164359.846:ERROR:device_event_log_impl.cc(214)] [16:43:59.846] Bluetooth: bluetooth_adapter_winrt.cc:1074 Getting Default Adapter failed.
7월 28, 2022 16:44:49.504 [3424:8308:0728/164449.504:ERROR:device_event_log_impl.cc(214)] [16:44:49.504] Bluetooth: bluetooth_adapter_winrt.cc:1074 Getting Default Adapter failed.
7월 28, 2022 16:56:16.528 [6428:8748:0728/165616.528:ERROR:device_event_log_impl.cc(214)] [16:56:16.528] Bluetooth: bluetooth_adapter_winrt.cc:1074 Getting Default Adapter failed.
7월 28, 2022 17:02:34.913 [8696:3800:0728/170234.913:ERROR:device_event_log_impl.cc(214)] [17:02:34.913] Bluetooth: bluetooth_adapter_winrt.cc:1074 Getting Default Adapter failed.
7월 28, 2022 17:07:33.557 [10052:9752:0728/170733.557:ERROR:device_event_log_impl.cc(214)] [17:07:33.558] Bluetooth: bluetooth_adapter_winrt.cc:1074 Getting Default Adapter failed.
7월 28, 2022 17:11:06.761 [9036:1700:0728/171106.761:ERROR:device_event_log_impl.cc(214)] [17:11:06.761] Bluetooth: bluetooth_adapter_winrt.cc:1074 Getting Default Adapter failed.
7월 28, 2022 17:16:15.350 [9084:10264:0728/171615.350:ERROR:device_event_log_impl.cc(214)] [17:16:15.350] Bluetooth: bluetooth_adapter_winrt.cc:1074 Getting Default Adapter failed.
7월 28, 2022 17:16:33.182 [11024:10820:0728/171633.182:ERROR:device_event_log_impl.cc(214)] [17:16:33.182] Bluetooth: bluetooth_adapter_winrt.cc:1074 Getting Default Adapter failed.
7월 28, 2022 17:43:41.310 [1400:296:0728/174341.309:ERROR:device_event_log_impl.cc(214)] [17:43:41.309] Bluetooth: bluetooth_adapter_winrt.cc:1074 Getting Default Adapter failed.
7월 28, 2022 17:57:16.659 [7444:2496:0728/175716.658:ERROR:device_event_log_impl.cc(214)] [17:57:16.658] Bluetooth: bluetooth_adapter_winrt.cc:1074 Getting Default Adapter failed.
7월 28, 2022 17:58:06.975 [3880:7736:0728/175806.975:ERROR:device_event_log_impl.cc(214)] [17:58:06.975] Bluetooth: bluetooth_adapter_winrt.cc:1074 Getting Default Adapter failed.
7월 28, 2022 18:00:13.637 [8628:10640:0728/180013.637:ERROR:device_event_log_impl.cc(214)] [18:00:13.637] Bluetooth: bluetooth_adapter_winrt.cc:1074 Getting Default Adapter failed.

7월 29, 2022 17:42:14.316 NEW SESSION
7월 29, 2022 17:42:14.316 [6240:8912:0729/174214.315:ERROR:device_event_log_impl.cc(214)] [17:42:14.315] Bluetooth: bluetooth_adapter_winrt.cc:1074 Getting Default Adapter failed.
7월 29, 2022 17:44:33.587 [1672:10316:0729/174433.586:ERROR:device_event_log_impl.cc(214)] [17:44:33.586] Bluetooth: bluetooth_adapter_winrt.cc:1074 Getting Default Adapter failed.

8월 02, 2022 18:05:35.151 NEW SESSION
8월 02, 2022 18:05:35.151 [3032:6584:0802/180535.150:ERROR:device_event_log_impl.cc(214)] [18:05:35.150] Bluetooth: bluetooth_adapter_winrt.cc:1074 Getting Default Adapter failed.

8월 03, 2022 19:06:36.713 NEW SESSION
8월 03, 2022 19:06:36.713 [10260:4272:0803/190636.712:ERROR:device_event_log_impl.cc(214)] [19:06:36.713] Bluetooth: bluetooth_adapter_winrt.cc:1074 Getting Default Adapter failed.
8월 03, 2022 19:15:55.547 [4124:2476:0803/191555.547:ERROR:device_event_log_impl.cc(214)] [19:15:55.546] Bluetooth: bluetooth_adapter_winrt.cc:1074 Getting Default Adapter failed.

8월 04, 2022 12:52:11.574 NEW SESSION
8월 04, 2022 12:52:11.574 [9900:2248:0804/125211.573:ERROR:device_event_log_impl.cc(214)] [12:52:11.572] Bluetooth: bluetooth_adapter_winrt.cc:1074 Getting Default Adapter failed.
8월 04, 2022 12:53:40.644 [10196:3208:0804/125340.644:ERROR:device_event_log_impl.cc(214)] [12:53:40.644] Bluetooth: bluetooth_adapter_winrt.cc:1074 Getting Default Adapter failed.
8월 04, 2022 14:32:55.313 [10340:1412:0804/143255.312:ERROR:device_event_log_impl.cc(214)] [14:32:55.312] Bluetooth: bluetooth_adapter_winrt.cc:1074 Getting Default Adapter failed.
8월 04, 2022 14:33:36.982 [9684:8684:0804/143336.982:ERROR:device_event_log_impl.cc(214)] [14:33:36.982] Bluetooth: bluetooth_adapter_winrt.cc:1074 Getting Default Adapter failed.
8월 04, 2022 14:38:18.970 [4492:10676:0804/143818.969:ERROR:device_event_log_impl.cc(214)] [14:38:18.970] Bluetooth: bluetooth_adapter_winrt.cc:1074 Getting Default Adapter failed.
8월 04, 2022 14:39:37.917 [8932:8156:0804/143937.917:ERROR:device_event_log_impl.cc(214)] [14:39:37.917] Bluetooth: bluetooth_adapter_winrt.cc:1074 Getting Default Adapter failed.
8월 04, 2022 14:42:13.309 [10460:4476:0804/144213.308:ERROR:device_event_log_impl.cc(214)] [14:42:13.308] Bluetooth: bluetooth_adapter_winrt.cc:1074 Getting Default Adapter failed.

8월 04, 2022 16:18:04.434 NEW SESSION
8월 04, 2022 16:18:04.434 [11120:7372:0804/161804.433:ERROR:device_event_log_impl.cc(214)] [16:18:04.432] Bluetooth: bluetooth_adapter_winrt.cc:1074 Getting Default Adapter failed.
8월 04, 2022 18:02:08.429 [5176:7516:0804/180208.428:ERROR:device_event_log_impl.cc(214)] [18:02:08.428] Bluetooth: bluetooth_adapter_winrt.cc:1074 Getting Default Adapter failed.
8월 04, 2022 18:06:28.632 [10984:7148:0804/180628.631:ERROR:device_event_log_impl.cc(214)] [18:06:28.631] Bluetooth: bluetooth_adapter_winrt.cc:1074 Getting Default Adapter failed.
8월 04, 2022 18:06:44.437 [10732:9448:0804/180644.437:ERROR:device_event_log_impl.cc(214)] [18:06:44.437] Bluetooth: bluetooth_adapter_winrt.cc:1074 Getting Default Adapter failed.

8월 05, 2022 12:37:32.544 NEW SESSION
8월 05, 2022 12:37:32.544 [3948:5768:0805/123732.543:ERROR:device_event_log_impl.cc(214)] [12:37:32.543] Bluetooth: bluetooth_adapter_winrt.cc:1074 Getting Default Adapter failed.
8월 05, 2022 12:38:52.418 [8236:2464:0805/123852.418:ERROR:device_event_log_impl.cc(214)] [12:38:52.418] Bluetooth: bluetooth_adapter_winrt.cc:1074 Getting Default Adapter failed.

8월 05, 2022 12:39:44.90 NEW SESSION
8월 05, 2022 12:39:44.90 [8764:9168:0805/123944.089:ERROR:device_event_log_impl.cc(214)] [12:39:44.089] Bluetooth: bluetooth_adapter_winrt.cc:1074 Getting Default Adapter failed.
8월 05, 2022 12:40:14.187 [1324:7268:0805/124014.187:ERROR:device_event_log_impl.cc(214)] [12:40:14.186] Bluetooth: bluetooth_adapter_winrt.cc:1074 Getting Default Adapter failed.

8월 05, 2022 12:48:42.329 NEW SESSION
8월 05, 2022 12:48:42.329 [8668:9512:0805/124842.329:ERROR:device_event_log_impl.cc(214)] [12:48:42.328] Bluetooth: bluetooth_adapter_winrt.cc:1074 Getting Default Adapter failed.
8월 05, 2022 12:49:14.612 [8708:6372:0805/124914.612:ERROR:device_event_log_impl.cc(214)] [12:49:14.611] Bluetooth: bluetooth_adapter_winrt.cc:1074 Getting Default Adapter failed.

8월 05, 2022 12:59:14.788 NEW SESSION
8월 05, 2022 12:59:14.788 [7092:8424:0805/125914.787:ERROR:device_event_log_impl.cc(214)] [12:59:14.788] Bluetooth: bluetooth_adapter_winrt.cc:1074 Getting Default Adapter failed.
8월 05, 2022 13:01:17.560 [6840:6784:0805/130117.559:ERROR:device_event_log_impl.cc(214)] [13:01:17.559] Bluetooth: bluetooth_adapter_winrt.cc:1074 Getting Default Adapter failed.
8월 05, 2022 13:01:45.26 [5776:2236:0805/130145.026:ERROR:device_event_log_impl.cc(214)] [13:01:45.026] Bluetooth: bluetooth_adapter_winrt.cc:1074 Getting Default Adapter failed.
8월 05, 2022 13:06:57.71 [7212:4780:0805/130657.071:ERROR:device_event_log_impl.cc(214)] [13:06:57.071] Bluetooth: bluetooth_adapter_winrt.cc:1074 Getting Default Adapter failed.
8월 05, 2022 13:10:23.44 [6848:8292:0805/131023.043:ERROR:device_event_log_impl.cc(214)] [13:10:23.043] Bluetooth: bluetooth_adapter_winrt.cc:1074 Getting Default Adapter failed.
8월 05, 2022 15:51:02.813 [3848:3180:0805/155102.813:ERROR:device_event_log_impl.cc(214)] [15:51:02.813] Bluetooth: bluetooth_adapter_winrt.cc:1074 Getting Default Adapter failed.
8월 05, 2022 15:52:43.69 [9444:1872:0805/155243.069:ERROR:device_event_log_impl.cc(214)] [15:52:43.069] Bluetooth: bluetooth_adapter_winrt.cc:1074 Getting Default Adapter failed.
8월 05, 2022 15:56:35.46 [3520:7832:0805/155635.046:ERROR:device_event_log_impl.cc(214)] [15:56:35.046] Bluetooth: bluetooth_adapter_winrt.cc:1074 Getting Default Adapter failed.
8월 05, 2022 15:58:40.228 [9040:524:0805/155840.227:ERROR:device_event_log_impl.cc(214)] [15:58:40.228] Bluetooth: bluetooth_adapter_winrt.cc:1074 Getting Default Adapter failed.
8월 05, 2022 16:05:20.789 [5408:8612:0805/160520.789:ERROR:device_event_log_impl.cc(214)] [16:05:20.789] Bluetooth: bluetooth_adapter_winrt.cc:1074 Getting Default Adapter failed.
8월 05, 2022 16:11:06.996 [8172:7272:0805/161106.996:ERROR:device_event_log_impl.cc(214)] [16:11:06.996] Bluetooth: bluetooth_adapter_winrt.cc:1074 Getting Default Adapter failed.
8월 05, 2022 16:11:58.582 [9168:2964:0805/161158.582:ERROR:device_event_log_impl.cc(214)] [16:11:58.582] Bluetooth: bluetooth_adapter_winrt.cc:1074 Getting Default Adapter failed.
8월 05, 2022 16:13:03.466 [3940:1464:0805/161303.466:ERROR:device_event_log_impl.cc(214)] [16:13:03.466] Bluetooth: bluetooth_adapter_winrt.cc:1074 Getting Default Adapter failed.

8월 08, 2022 12:11:53.365 NEW SESSION
8월 08, 2022 12:11:53.365 [7208:6612:0808/121153.364:ERROR:device_event_log_impl.cc(214)] [12:11:53.364] Bluetooth: bluetooth_adapter_winrt.cc:1074 Getting Default Adapter failed.
8월 08, 2022 12:12:25.759 [9144:9564:0808/121225.759:ERROR:device_event_log_impl.cc(214)] [12:12:25.759] Bluetooth: bluetooth_adapter_winrt.cc:1074 Getting Default Adapter failed.
8월 08, 2022 12:14:40.43 [5104:8060:0808/121440.043:ERROR:device_event_log_impl.cc(214)] [12:14:40.044] Bluetooth: bluetooth_adapter_winrt.cc:1074 Getting Default Adapter failed.
8월 08, 2022 12:29:39.424 [8240:1948:0808/122939.424:ERROR:device_event_log_impl.cc(214)] [12:29:39.424] Bluetooth: bluetooth_adapter_winrt.cc:1074 Getting Default Adapter failed.
8월 08, 2022 12:39:36.505 [4072:6368:0808/123936.505:ERROR:device_event_log_impl.cc(214)] [12:39:36.505] Bluetooth: bluetooth_adapter_winrt.cc:1074 Getting Default Adapter failed.
8월 08, 2022 13:01:11.82 [4488:9696:0808/130111.082:ERROR:device_event_log_impl.cc(214)] [13:01:11.081] Bluetooth: bluetooth_adapter_winrt.cc:1074 Getting Default Adapter failed.
8월 08, 2022 13:01:26.303 [1956:10448:0808/130126.303:ERROR:device_event_log_impl.cc(214)] [13:01:26.303] Bluetooth: bluetooth_adapter_winrt.cc:1074 Getting Default Adapter failed.
